2022-09-19 10:46:49.782  INFO 28092 --- [restartedMain] com.suqianbft.PortalsiteApplication      : Starting PortalsiteApplication using Java 1.8.0_31 on LAPTOP-H7OVCIK7 with PID 28092 (F:\ideaProjects\portalsite\target\classes started by Lenovo in F:\ideaProjects\portalsite)
2022-09-19 10:46:49.784 DEBUG 28092 --- [restartedMain] com.suqianbft.PortalsiteApplication      : Running with Spring Boot v2.7.2, Spring v5.3.22
2022-09-19 10:46:49.785  INFO 28092 --- [restartedMain] com.suqianbft.PortalsiteApplication      : The following 1 profile is active: "dev"
2022-09-19 10:46:49.814  INFO 28092 --- [restartedMain] .e.DevToolsPropertyDefaultsPostProcessor : Devtools property defaults active! Set 'spring.devtools.add-properties' to 'false' to disable
2022-09-19 10:46:49.814  INFO 28092 --- [restartedMain] .e.DevToolsPropertyDefaultsPostProcessor : For additional web related logging consider setting the 'logging.level.web' property to 'DEBUG'
2022-09-19 10:46:50.334  INFO 28092 --- [restartedMain] .s.d.r.c.RepositoryConfigurationDelegate : Bootstrapping Spring Data JPA repositories in DEFAULT mode.
2022-09-19 10:46:50.394  INFO 28092 --- [restartedMain] .s.d.r.c.RepositoryConfigurationDelegate : Finished Spring Data repository scanning in 52 ms. Found 5 JPA repository interfaces.
2022-09-19 10:46:51.020  INFO 28092 --- [restartedMain] o.s.b.w.embedded.tomcat.TomcatWebServer  : Tomcat initialized with port(s): 8080 (http)
2022-09-19 10:46:51.028  INFO 28092 --- [restartedMain] o.apache.catalina.core.StandardService   : Starting service [Tomcat]
2022-09-19 10:46:51.028  INFO 28092 --- [restartedMain] org.apache.catalina.core.StandardEngine  : Starting Servlet engine: [Apache Tomcat/9.0.65]
2022-09-19 10:46:51.107  INFO 28092 --- [restartedMain] o.a.c.c.C.[Tomcat].[localhost].[/]       : Initializing Spring embedded WebApplicationContext
2022-09-19 10:46:51.107  INFO 28092 --- [restartedMain] w.s.c.ServletWebServerApplicationContext : Root WebApplicationContext: initialization completed in 1293 ms
2022-09-19 10:46:51.233  INFO 28092 --- [restartedMain] o.hibernate.jpa.internal.util.LogHelper  : HHH000204: Processing PersistenceUnitInfo [name: default]
2022-09-19 10:46:51.279  INFO 28092 --- [restartedMain] org.hibernate.Version                    : HHH000412: Hibernate ORM core version 5.6.10.Final
2022-09-19 10:46:51.415  INFO 28092 --- [restartedMain] o.hibernate.annotations.common.Version   : HCANN000001: Hibernate Commons Annotations {5.1.2.Final}
2022-09-19 10:46:51.502  INFO 28092 --- [restartedMain] com.zaxxer.hikari.HikariDataSource       : HikariPool-1 - Starting...
2022-09-19 10:46:51.841  INFO 28092 --- [restartedMain] com.zaxxer.hikari.HikariDataSource       : HikariPool-1 - Start completed.
2022-09-19 10:46:51.856  INFO 28092 --- [restartedMain] org.hibernate.dialect.Dialect            : HHH000400: Using dialect: org.hibernate.dialect.MySQL55Dialect
2022-09-19 10:46:52.451  INFO 28092 --- [restartedMain] o.h.e.t.j.p.i.JtaPlatformInitiator       : HHH000490: Using JtaPlatform implementation: [org.hibernate.engine.transaction.jta.platform.internal.NoJtaPlatform]
2022-09-19 10:46:52.457  INFO 28092 --- [restartedMain] j.LocalContainerEntityManagerFactoryBean : Initialized JPA EntityManagerFactory for persistence unit 'default'
2022-09-19 10:46:52.857  WARN 28092 --- [restartedMain] ConfigServletWebServerApplicationContext : Exception encountered during context initialization - cancelling refresh attempt: org.springframework.beans.factory.UnsatisfiedDependencyException: Error creating bean with name 'commentServiceImpl': Unsatisfied dependency expressed through field 'commentRepository'; nested exception is org.springframework.beans.factory.BeanCreationException: Error creating bean with name 'commentRepository' defined in com.suqianbft.dao.CommentRepository defined in @EnableJpaRepositories declared on JpaRepositoriesRegistrar.EnableJpaRepositoriesConfiguration: Invocation of init method failed; nested exception is org.springframework.data.repository.query.QueryCreationException: Could not create query for public abstract java.util.List com.suqianbft.dao.CommentRepository.findByArticleIdAndpareAndParentCommentNull(java.lang.Long,org.springframework.data.domain.Sort); Reason: Failed to create query for method public abstract java.util.List com.suqianbft.dao.CommentRepository.findByArticleIdAndpareAndParentCommentNull(java.lang.Long,org.springframework.data.domain.Sort)! No property 'andpare' found for type 'Long' Traversed path: Comment.article.id.; nested exception is java.lang.IllegalArgumentException: Failed to create query for method public abstract java.util.List com.suqianbft.dao.CommentRepository.findByArticleIdAndpareAndParentCommentNull(java.lang.Long,org.springframework.data.domain.Sort)! No property 'andpare' found for type 'Long' Traversed path: Comment.article.id.
2022-09-19 10:46:52.857  INFO 28092 --- [restartedMain] j.LocalContainerEntityManagerFactoryBean : Closing JPA EntityManagerFactory for persistence unit 'default'
2022-09-19 10:46:52.858  INFO 28092 --- [restartedMain] com.zaxxer.hikari.HikariDataSource       : HikariPool-1 - Shutdown initiated...
2022-09-19 10:46:52.862  INFO 28092 --- [restartedMain] com.zaxxer.hikari.HikariDataSource       : HikariPool-1 - Shutdown completed.
2022-09-19 10:46:52.864  INFO 28092 --- [restartedMain] o.apache.catalina.core.StandardService   : Stopping service [Tomcat]
2022-09-19 10:46:52.871  INFO 28092 --- [restartedMain] ConditionEvaluationReportLoggingListener : 

Error starting ApplicationContext. To display the conditions report re-run your application with 'debug' enabled.
2022-09-19 10:46:52.985 ERROR 28092 --- [restartedMain] o.s.boot.SpringApplication               : Application run failed

org.springframework.beans.factory.UnsatisfiedDependencyException: Error creating bean with name 'commentServiceImpl': Unsatisfied dependency expressed through field 'commentRepository'; nested exception is org.springframework.beans.factory.BeanCreationException: Error creating bean with name 'commentRepository' defined in com.suqianbft.dao.CommentRepository defined in @EnableJpaRepositories declared on JpaRepositoriesRegistrar.EnableJpaRepositoriesConfiguration: Invocation of init method failed; nested exception is org.springframework.data.repository.query.QueryCreationException: Could not create query for public abstract java.util.List com.suqianbft.dao.CommentRepository.findByArticleIdAndpareAndParentCommentNull(java.lang.Long,org.springframework.data.domain.Sort); Reason: Failed to create query for method public abstract java.util.List com.suqianbft.dao.CommentRepository.findByArticleIdAndpareAndParentCommentNull(java.lang.Long,org.springframework.data.domain.Sort)! No property 'andpare' found for type 'Long' Traversed path: Comment.article.id.; nested exception is java.lang.IllegalArgumentException: Failed to create query for method public abstract java.util.List com.suqianbft.dao.CommentRepository.findByArticleIdAndpareAndParentCommentNull(java.lang.Long,org.springframework.data.domain.Sort)! No property 'andpare' found for type 'Long' Traversed path: Comment.article.id.
	at org.springframework.beans.factory.annotation.AutowiredAnnotationBeanPostProcessor$AutowiredFieldElement.resolveFieldValue(AutowiredAnnotationBeanPostProcessor.java:659)
	at org.springframework.beans.factory.annotation.AutowiredAnnotationBeanPostProcessor$AutowiredFieldElement.inject(AutowiredAnnotationBeanPostProcessor.java:639)
	at org.springframework.beans.factory.annotation.InjectionMetadata.inject(InjectionMetadata.java:119)
	at org.springframework.beans.factory.annotation.AutowiredAnnotationBeanPostProcessor.postProcessProperties(AutowiredAnnotationBeanPostProcessor.java:399)
	at org.springframework.beans.factory.support.AbstractAutowireCapableBeanFactory.populateBean(AbstractAutowireCapableBeanFactory.java:1431)
	at org.springframework.beans.factory.support.AbstractAutowireCapableBeanFactory.doCreateBean(AbstractAutowireCapableBeanFactory.java:619)
	at org.springframework.beans.factory.support.AbstractAutowireCapableBeanFactory.createBean(AbstractAutowireCapableBeanFactory.java:542)
	at org.springframework.beans.factory.support.AbstractBeanFactory.lambda$doGetBean$0(AbstractBeanFactory.java:335)
	at org.springframework.beans.factory.support.AbstractBeanFactory$$Lambda$207/1859599377.getObject(Unknown Source)
	at org.springframework.beans.factory.support.DefaultSingletonBeanRegistry.getSingleton(DefaultSingletonBeanRegistry.java:234)
	at org.springframework.beans.factory.support.AbstractBeanFactory.doGetBean(AbstractBeanFactory.java:333)
	at org.springframework.beans.factory.support.AbstractBeanFactory.getBean(AbstractBeanFactory.java:208)
	at org.springframework.beans.factory.support.DefaultListableBeanFactory.preInstantiateSingletons(DefaultListableBeanFactory.java:955)
	at org.springframework.context.support.AbstractApplicationContext.finishBeanFactoryInitialization(AbstractApplicationContext.java:918)
	at org.springframework.context.support.AbstractApplicationContext.refresh(AbstractApplicationContext.java:583)
	at org.springframework.boot.web.servlet.context.ServletWebServerApplicationContext.refresh(ServletWebServerApplicationContext.java:147)
	at org.springframework.boot.SpringApplication.refresh(SpringApplication.java:734)
	at org.springframework.boot.SpringApplication.refreshContext(SpringApplication.java:408)
	at org.springframework.boot.SpringApplication.run(SpringApplication.java:308)
	at org.springframework.boot.SpringApplication.run(SpringApplication.java:1306)
	at org.springframework.boot.SpringApplication.run(SpringApplication.java:1295)
	at com.suqianbft.PortalsiteApplication.main(PortalsiteApplication.java:10)
	at sun.reflect.NativeMethodAccessorImpl.invoke0(Native Method)
	at sun.reflect.NativeMethodAccessorImpl.invoke(NativeMethodAccessorImpl.java:62)
	at sun.reflect.DelegatingMethodAccessorImpl.invoke(DelegatingMethodAccessorImpl.java:43)
	at java.lang.reflect.Method.invoke(Method.java:483)
	at org.springframework.boot.devtools.restart.RestartLauncher.run(RestartLauncher.java:49)
Caused by: org.springframework.beans.factory.BeanCreationException: Error creating bean with name 'commentRepository' defined in com.suqianbft.dao.CommentRepository defined in @EnableJpaRepositories declared on JpaRepositoriesRegistrar.EnableJpaRepositoriesConfiguration: Invocation of init method failed; nested exception is org.springframework.data.repository.query.QueryCreationException: Could not create query for public abstract java.util.List com.suqianbft.dao.CommentRepository.findByArticleIdAndpareAndParentCommentNull(java.lang.Long,org.springframework.data.domain.Sort); Reason: Failed to create query for method public abstract java.util.List com.suqianbft.dao.CommentRepository.findByArticleIdAndpareAndParentCommentNull(java.lang.Long,org.springframework.data.domain.Sort)! No property 'andpare' found for type 'Long' Traversed path: Comment.article.id.; nested exception is java.lang.IllegalArgumentException: Failed to create query for method public abstract java.util.List com.suqianbft.dao.CommentRepository.findByArticleIdAndpareAndParentCommentNull(java.lang.Long,org.springframework.data.domain.Sort)! No property 'andpare' found for type 'Long' Traversed path: Comment.article.id.
	at org.springframework.beans.factory.support.AbstractAutowireCapableBeanFactory.initializeBean(AbstractAutowireCapableBeanFactory.java:1804)
	at org.springframework.beans.factory.support.AbstractAutowireCapableBeanFactory.doCreateBean(AbstractAutowireCapableBeanFactory.java:620)
	at org.springframework.beans.factory.support.AbstractAutowireCapableBeanFactory.createBean(AbstractAutowireCapableBeanFactory.java:542)
	at org.springframework.beans.factory.support.AbstractBeanFactory.lambda$doGetBean$0(AbstractBeanFactory.java:335)
	at org.springframework.beans.factory.support.AbstractBeanFactory$$Lambda$207/1859599377.getObject(Unknown Source)
	at org.springframework.beans.factory.support.DefaultSingletonBeanRegistry.getSingleton(DefaultSingletonBeanRegistry.java:234)
	at org.springframework.beans.factory.support.AbstractBeanFactory.doGetBean(AbstractBeanFactory.java:333)
	at org.springframework.beans.factory.support.AbstractBeanFactory.getBean(AbstractBeanFactory.java:208)
	at org.springframework.beans.factory.config.DependencyDescriptor.resolveCandidate(DependencyDescriptor.java:276)
	at org.springframework.beans.factory.support.DefaultListableBeanFactory.doResolveDependency(DefaultListableBeanFactory.java:1391)
	at org.springframework.beans.factory.support.DefaultListableBeanFactory.resolveDependency(DefaultListableBeanFactory.java:1311)
	at org.springframework.beans.factory.annotation.AutowiredAnnotationBeanPostProcessor$AutowiredFieldElement.resolveFieldValue(AutowiredAnnotationBeanPostProcessor.java:656)
	... 26 common frames omitted
Caused by: org.springframework.data.repository.query.QueryCreationException: Could not create query for public abstract java.util.List com.suqianbft.dao.CommentRepository.findByArticleIdAndpareAndParentCommentNull(java.lang.Long,org.springframework.data.domain.Sort); Reason: Failed to create query for method public abstract java.util.List com.suqianbft.dao.CommentRepository.findByArticleIdAndpareAndParentCommentNull(java.lang.Long,org.springframework.data.domain.Sort)! No property 'andpare' found for type 'Long' Traversed path: Comment.article.id.; nested exception is java.lang.IllegalArgumentException: Failed to create query for method public abstract java.util.List com.suqianbft.dao.CommentRepository.findByArticleIdAndpareAndParentCommentNull(java.lang.Long,org.springframework.data.domain.Sort)! No property 'andpare' found for type 'Long' Traversed path: Comment.article.id.
	at org.springframework.data.repository.query.QueryCreationException.create(QueryCreationException.java:101)
	at org.springframework.data.repository.core.support.QueryExecutorMethodInterceptor.lookupQuery(QueryExecutorMethodInterceptor.java:107)
	at org.springframework.data.repository.core.support.QueryExecutorMethodInterceptor.lambda$mapMethodsToQuery$1(QueryExecutorMethodInterceptor.java:95)
	at org.springframework.data.repository.core.support.QueryExecutorMethodInterceptor$$Lambda$932/1109987642.apply(Unknown Source)
	at java.util.stream.ReferencePipeline$3$1.accept(ReferencePipeline.java:193)
	at java.util.Iterator.forEachRemaining(Iterator.java:116)
	at java.util.Collections$UnmodifiableCollection$1.forEachRemaining(Collections.java:1049)
	at java.util.Spliterators$IteratorSpliterator.forEachRemaining(Spliterators.java:1801)
	at java.util.stream.AbstractPipeline.copyInto(AbstractPipeline.java:512)
	at java.util.stream.AbstractPipeline.wrapAndCopyInto(AbstractPipeline.java:502)
	at java.util.stream.ReduceOps$ReduceOp.evaluateSequential(ReduceOps.java:708)
	at java.util.stream.AbstractPipeline.evaluate(AbstractPipeline.java:234)
	at java.util.stream.ReferencePipeline.collect(ReferencePipeline.java:499)
	at org.springframework.data.repository.core.support.QueryExecutorMethodInterceptor.mapMethodsToQuery(QueryExecutorMethodInterceptor.java:97)
	at org.springframework.data.repository.core.support.QueryExecutorMethodInterceptor.lambda$new$0(QueryExecutorMethodInterceptor.java:87)
	at org.springframework.data.repository.core.support.QueryExecutorMethodInterceptor$$Lambda$931/1624206646.apply(Unknown Source)
	at java.util.Optional.map(Optional.java:215)
	at org.springframework.data.repository.core.support.QueryExecutorMethodInterceptor.<init>(QueryExecutorMethodInterceptor.java:87)
	at org.springframework.data.repository.core.support.RepositoryFactorySupport.getRepository(RepositoryFactorySupport.java:365)
	at org.springframework.data.repository.core.support.RepositoryFactoryBeanSupport.lambda$afterPropertiesSet$5(RepositoryFactoryBeanSupport.java:323)
	at org.springframework.data.repository.core.support.RepositoryFactoryBeanSupport$$Lambda$809/1795665983.get(Unknown Source)
	at org.springframework.data.util.Lazy.getNullable(Lazy.java:231)
	at org.springframework.data.util.Lazy.get(Lazy.java:115)
	at org.springframework.data.repository.core.support.RepositoryFactoryBeanSupport.afterPropertiesSet(RepositoryFactoryBeanSupport.java:329)
	at org.springframework.data.jpa.repository.support.JpaRepositoryFactoryBean.afterPropertiesSet(JpaRepositoryFactoryBean.java:144)
	at org.springframework.beans.factory.support.AbstractAutowireCapableBeanFactory.invokeInitMethods(AbstractAutowireCapableBeanFactory.java:1863)
	at org.springframework.beans.factory.support.AbstractAutowireCapableBeanFactory.initializeBean(AbstractAutowireCapableBeanFactory.java:1800)
	... 37 common frames omitted
Caused by: java.lang.IllegalArgumentException: Failed to create query for method public abstract java.util.List com.suqianbft.dao.CommentRepository.findByArticleIdAndpareAndParentCommentNull(java.lang.Long,org.springframework.data.domain.Sort)! No property 'andpare' found for type 'Long' Traversed path: Comment.article.id.
	at org.springframework.data.jpa.repository.query.PartTreeJpaQuery.<init>(PartTreeJpaQuery.java:96)
	at org.springframework.data.jpa.repository.query.JpaQueryLookupStrategy$CreateQueryLookupStrategy.resolveQuery(JpaQueryLookupStrategy.java:119)
	at org.springframework.data.jpa.repository.query.JpaQueryLookupStrategy$CreateIfNotFoundQueryLookupStrategy.resolveQuery(JpaQueryLookupStrategy.java:259)
	at org.springframework.data.jpa.repository.query.JpaQueryLookupStrategy$AbstractQueryLookupStrategy.resolveQuery(JpaQueryLookupStrategy.java:93)
	at org.springframework.data.repository.core.support.QueryExecutorMethodInterceptor.lookupQuery(QueryExecutorMethodInterceptor.java:103)
	... 62 common frames omitted
Caused by: org.springframework.data.mapping.PropertyReferenceException: No property 'andpare' found for type 'Long' Traversed path: Comment.article.id.
	at org.springframework.data.mapping.PropertyPath.<init>(PropertyPath.java:91)
	at org.springframework.data.mapping.PropertyPath.create(PropertyPath.java:438)
	at org.springframework.data.mapping.PropertyPath.create(PropertyPath.java:414)
	at org.springframework.data.mapping.PropertyPath.create(PropertyPath.java:448)
	at org.springframework.data.mapping.PropertyPath.create(PropertyPath.java:471)
	at org.springframework.data.mapping.PropertyPath.create(PropertyPath.java:414)
	at org.springframework.data.mapping.PropertyPath.create(PropertyPath.java:448)
	at org.springframework.data.mapping.PropertyPath.create(PropertyPath.java:471)
	at org.springframework.data.mapping.PropertyPath.create(PropertyPath.java:471)
	at org.springframework.data.mapping.PropertyPath.create(PropertyPath.java:414)
	at org.springframework.data.mapping.PropertyPath.lambda$from$0(PropertyPath.java:367)
	at org.springframework.data.mapping.PropertyPath$$Lambda$981/219255042.apply(Unknown Source)
	at java.util.concurrent.ConcurrentMap.computeIfAbsent(ConcurrentMap.java:324)
	at org.springframework.data.mapping.PropertyPath.from(PropertyPath.java:349)
	at org.springframework.data.mapping.PropertyPath.from(PropertyPath.java:332)
	at org.springframework.data.repository.query.parser.Part.<init>(Part.java:81)
	at org.springframework.data.repository.query.parser.PartTree$OrPart.lambda$new$0(PartTree.java:250)
	at org.springframework.data.repository.query.parser.PartTree$OrPart$$Lambda$980/150493518.apply(Unknown Source)
	at java.util.stream.ReferencePipeline$3$1.accept(ReferencePipeline.java:193)
	at java.util.stream.ReferencePipeline$2$1.accept(ReferencePipeline.java:175)
	at java.util.Spliterators$ArraySpliterator.forEachRemaining(Spliterators.java:948)
	at java.util.stream.AbstractPipeline.copyInto(AbstractPipeline.java:512)
	at java.util.stream.AbstractPipeline.wrapAndCopyInto(AbstractPipeline.java:502)
	at java.util.stream.ReduceOps$ReduceOp.evaluateSequential(ReduceOps.java:708)
	at java.util.stream.AbstractPipeline.evaluate(AbstractPipeline.java:234)
	at java.util.stream.ReferencePipeline.collect(ReferencePipeline.java:499)
	at org.springframework.data.repository.query.parser.PartTree$OrPart.<init>(PartTree.java:251)
	at org.springframework.data.repository.query.parser.PartTree$Predicate.lambda$new$0(PartTree.java:384)
	at org.springframework.data.repository.query.parser.PartTree$Predicate$$Lambda$978/1715297924.apply(Unknown Source)
	at java.util.stream.ReferencePipeline$3$1.accept(ReferencePipeline.java:193)
	at java.util.stream.ReferencePipeline$2$1.accept(ReferencePipeline.java:175)
	at java.util.Spliterators$ArraySpliterator.forEachRemaining(Spliterators.java:948)
	at java.util.stream.AbstractPipeline.copyInto(AbstractPipeline.java:512)
	at java.util.stream.AbstractPipeline.wrapAndCopyInto(AbstractPipeline.java:502)
	at java.util.stream.ReduceOps$ReduceOp.evaluateSequential(ReduceOps.java:708)
	at java.util.stream.AbstractPipeline.evaluate(AbstractPipeline.java:234)
	at java.util.stream.ReferencePipeline.collect(ReferencePipeline.java:499)
	at org.springframework.data.repository.query.parser.PartTree$Predicate.<init>(PartTree.java:385)
	at org.springframework.data.repository.query.parser.PartTree.<init>(PartTree.java:96)
	at org.springframework.data.jpa.repository.query.PartTreeJpaQuery.<init>(PartTreeJpaQuery.java:89)
	... 66 common frames omitted

2022-09-19 10:48:35.447  INFO 29096 --- [restartedMain] com.suqianbft.PortalsiteApplication      : Starting PortalsiteApplication using Java 1.8.0_31 on LAPTOP-H7OVCIK7 with PID 29096 (F:\ideaProjects\portalsite\target\classes started by Lenovo in F:\ideaProjects\portalsite)
2022-09-19 10:48:35.447 DEBUG 29096 --- [restartedMain] com.suqianbft.PortalsiteApplication      : Running with Spring Boot v2.7.2, Spring v5.3.22
2022-09-19 10:48:35.447  INFO 29096 --- [restartedMain] com.suqianbft.PortalsiteApplication      : The following 1 profile is active: "dev"
2022-09-19 10:48:35.473  INFO 29096 --- [restartedMain] .e.DevToolsPropertyDefaultsPostProcessor : Devtools property defaults active! Set 'spring.devtools.add-properties' to 'false' to disable
2022-09-19 10:48:35.473  INFO 29096 --- [restartedMain] .e.DevToolsPropertyDefaultsPostProcessor : For additional web related logging consider setting the 'logging.level.web' property to 'DEBUG'
2022-09-19 10:48:35.880  INFO 29096 --- [restartedMain] .s.d.r.c.RepositoryConfigurationDelegate : Bootstrapping Spring Data JPA repositories in DEFAULT mode.
2022-09-19 10:48:35.930  INFO 29096 --- [restartedMain] .s.d.r.c.RepositoryConfigurationDelegate : Finished Spring Data repository scanning in 43 ms. Found 5 JPA repository interfaces.
2022-09-19 10:48:36.400  INFO 29096 --- [restartedMain] o.s.b.w.embedded.tomcat.TomcatWebServer  : Tomcat initialized with port(s): 8080 (http)
2022-09-19 10:48:36.405  INFO 29096 --- [restartedMain] o.apache.catalina.core.StandardService   : Starting service [Tomcat]
2022-09-19 10:48:36.406  INFO 29096 --- [restartedMain] org.apache.catalina.core.StandardEngine  : Starting Servlet engine: [Apache Tomcat/9.0.65]
2022-09-19 10:48:36.467  INFO 29096 --- [restartedMain] o.a.c.c.C.[Tomcat].[localhost].[/]       : Initializing Spring embedded WebApplicationContext
2022-09-19 10:48:36.468  INFO 29096 --- [restartedMain] w.s.c.ServletWebServerApplicationContext : Root WebApplicationContext: initialization completed in 995 ms
2022-09-19 10:48:36.553  INFO 29096 --- [restartedMain] o.hibernate.jpa.internal.util.LogHelper  : HHH000204: Processing PersistenceUnitInfo [name: default]
2022-09-19 10:48:36.575  INFO 29096 --- [restartedMain] org.hibernate.Version                    : HHH000412: Hibernate ORM core version 5.6.10.Final
2022-09-19 10:48:36.646  INFO 29096 --- [restartedMain] o.hibernate.annotations.common.Version   : HCANN000001: Hibernate Commons Annotations {5.1.2.Final}
2022-09-19 10:48:36.699  INFO 29096 --- [restartedMain] com.zaxxer.hikari.HikariDataSource       : HikariPool-1 - Starting...
2022-09-19 10:48:36.991  INFO 29096 --- [restartedMain] com.zaxxer.hikari.HikariDataSource       : HikariPool-1 - Start completed.
2022-09-19 10:48:37.002  INFO 29096 --- [restartedMain] org.hibernate.dialect.Dialect            : HHH000400: Using dialect: org.hibernate.dialect.MySQL55Dialect
2022-09-19 10:48:37.437  INFO 29096 --- [restartedMain] o.h.e.t.j.p.i.JtaPlatformInitiator       : HHH000490: Using JtaPlatform implementation: [org.hibernate.engine.transaction.jta.platform.internal.NoJtaPlatform]
2022-09-19 10:48:37.442  INFO 29096 --- [restartedMain] j.LocalContainerEntityManagerFactoryBean : Initialized JPA EntityManagerFactory for persistence unit 'default'
2022-09-19 10:48:38.057  WARN 29096 --- [restartedMain] JpaBaseConfiguration$JpaWebConfiguration : spring.jpa.open-in-view is enabled by default. Therefore, database queries may be performed during view rendering. Explicitly configure spring.jpa.open-in-view to disable this warning
2022-09-19 10:48:38.213  INFO 29096 --- [restartedMain] o.s.b.a.w.s.WelcomePageHandlerMapping    : Adding welcome page template: index
2022-09-19 10:48:38.312  WARN 29096 --- [restartedMain] org.thymeleaf.templatemode.TemplateMode  : [THYMELEAF][restartedMain] Template Mode 'HTML5' is deprecated. Using Template Mode 'HTML' instead.
2022-09-19 10:48:38.511  INFO 29096 --- [restartedMain] o.s.b.d.a.OptionalLiveReloadServer       : LiveReload server is running on port 35729
2022-09-19 10:48:38.539  INFO 29096 --- [restartedMain] o.s.b.w.embedded.tomcat.TomcatWebServer  : Tomcat started on port(s): 8080 (http) with context path ''
2022-09-19 10:48:38.547  INFO 29096 --- [restartedMain] com.suqianbft.PortalsiteApplication      : Started PortalsiteApplication in 3.405 seconds (JVM running for 4.101)
2022-09-19 10:48:47.338  INFO 29096 --- [http-nio-8080-exec-1] o.a.c.c.C.[Tomcat].[localhost].[/]       : Initializing Spring DispatcherServlet 'dispatcherServlet'
2022-09-19 10:48:47.338  INFO 29096 --- [http-nio-8080-exec-1] o.s.web.servlet.DispatcherServlet        : Initializing Servlet 'dispatcherServlet'
2022-09-19 10:48:47.339  INFO 29096 --- [http-nio-8080-exec-1] o.s.web.servlet.DispatcherServlet        : Completed initialization in 1 ms
2022-09-19 10:48:49.049  INFO 29096 --- [http-nio-8080-exec-4] com.suqianbft.aspect.LogApect            : Request:RequestLog{url='http://127.0.0.1:8080/', ip='127.0.0.1', classMethod='com.suqianbft.web.IndexController.index', args=[{}, Page request [number: 0, size 5, sort: updateTime: DESC]]}
2022-09-19 10:48:49.119  WARN 29096 --- [http-nio-8080-exec-4] org.hibernate.orm.deprecation            : HHH90000016: Found use of deprecated 'collection property' syntax in HQL/JPQL query [t.article.size]; use collection function syntax instead [size(t.article)].
2022-09-19 10:48:49.126  WARN 29096 --- [http-nio-8080-exec-4] org.hibernate.orm.deprecation            : HHH90000016: Found use of deprecated 'collection property' syntax in HQL/JPQL query [t.articles.size]; use collection function syntax instead [size(t.articles)].
2022-09-19 10:48:49.131  INFO 29096 --- [http-nio-8080-exec-4] com.suqianbft.aspect.LogApect            : Result:{}index
2022-09-19 10:49:18.233  INFO 29096 --- [http-nio-8080-exec-6] com.suqianbft.aspect.LogApect            : Request:RequestLog{url='http://127.0.0.1:8080/article/39', ip='127.0.0.1', classMethod='com.suqianbft.web.IndexController.article', args=[39, {}]}
2022-09-19 10:49:18.281  INFO 29096 --- [http-nio-8080-exec-6] com.suqianbft.aspect.LogApect            : Result:{}detail
2022-09-19 10:49:18.763  INFO 29096 --- [http-nio-8080-exec-3] com.suqianbft.aspect.LogApect            : Request:RequestLog{url='http://127.0.0.1:8080/comments/39/', ip='127.0.0.1', classMethod='com.suqianbft.web.CommentController.comments', args=[39, {}]}
2022-09-19 10:49:18.795  INFO 29096 --- [http-nio-8080-exec-3] com.suqianbft.aspect.LogApect            : Result:{}detail :: commentList
2022-09-19 10:51:13.955  INFO 29096 --- [http-nio-8080-exec-2] com.suqianbft.aspect.LogApect            : Request:RequestLog{url='http://127.0.0.1:8080/article/39', ip='127.0.0.1', classMethod='com.suqianbft.web.IndexController.article', args=[39, {}]}
2022-09-19 10:51:13.961  INFO 29096 --- [http-nio-8080-exec-2] com.suqianbft.aspect.LogApect            : Result:{}detail
2022-09-19 10:51:14.295  INFO 29096 --- [http-nio-8080-exec-6] com.suqianbft.aspect.LogApect            : Request:RequestLog{url='http://127.0.0.1:8080/comments/39/', ip='127.0.0.1', classMethod='com.suqianbft.web.CommentController.comments', args=[39, {}]}
2022-09-19 10:51:14.306  INFO 29096 --- [http-nio-8080-exec-6] com.suqianbft.aspect.LogApect            : Result:{}detail :: commentList
2022-09-19 10:53:56.473  INFO 29096 --- [http-nio-8080-exec-4] com.suqianbft.aspect.LogApect            : Request:RequestLog{url='http://127.0.0.1:8080/comments', ip='127.0.0.1', classMethod='com.suqianbft.web.CommentController.post', args=[Comment{id=null, nickname='zhoujunpeng', email='xiao@163.com', content='测试一下', avatar='null', creatTime=null}]}
2022-09-19 10:53:56.533  INFO 29096 --- [http-nio-8080-exec-4] com.suqianbft.aspect.LogApect            : Result:{}redirect:/comments/39
2022-09-19 10:53:56.547  INFO 29096 --- [http-nio-8080-exec-7] com.suqianbft.aspect.LogApect            : Request:RequestLog{url='http://127.0.0.1:8080/comments/39', ip='127.0.0.1', classMethod='com.suqianbft.web.CommentController.comments', args=[39, {}]}
2022-09-19 10:53:56.568  INFO 29096 --- [http-nio-8080-exec-7] com.suqianbft.aspect.LogApect            : Result:{}detail :: commentList
2022-09-19 10:55:02.026  INFO 29096 --- [http-nio-8080-exec-9] com.suqianbft.aspect.LogApect            : Request:RequestLog{url='http://127.0.0.1:8080/article/39', ip='127.0.0.1', classMethod='com.suqianbft.web.IndexController.article', args=[39, {}]}
2022-09-19 10:55:02.030  INFO 29096 --- [http-nio-8080-exec-9] com.suqianbft.aspect.LogApect            : Result:{}detail
2022-09-19 10:55:02.786  INFO 29096 --- [http-nio-8080-exec-1] com.suqianbft.aspect.LogApect            : Request:RequestLog{url='http://127.0.0.1:8080/comments/39/', ip='127.0.0.1', classMethod='com.suqianbft.web.CommentController.comments', args=[39, {}]}
2022-09-19 10:55:02.802  INFO 29096 --- [http-nio-8080-exec-1] com.suqianbft.aspect.LogApect            : Result:{}detail :: commentList
2022-09-19 13:51:50.284  INFO 5764 --- [restartedMain] com.suqianbft.PortalsiteApplication      : Starting PortalsiteApplication using Java 1.8.0_31 on LAPTOP-H7OVCIK7 with PID 5764 (F:\ideaProjects\portalsite\target\classes started by Lenovo in F:\ideaProjects\portalsite)
2022-09-19 13:51:50.284 DEBUG 5764 --- [restartedMain] com.suqianbft.PortalsiteApplication      : Running with Spring Boot v2.7.2, Spring v5.3.22
2022-09-19 13:51:50.285  INFO 5764 --- [restartedMain] com.suqianbft.PortalsiteApplication      : The following 1 profile is active: "dev"
2022-09-19 13:51:50.311  INFO 5764 --- [restartedMain] .e.DevToolsPropertyDefaultsPostProcessor : Devtools property defaults active! Set 'spring.devtools.add-properties' to 'false' to disable
2022-09-19 13:51:50.312  INFO 5764 --- [restartedMain] .e.DevToolsPropertyDefaultsPostProcessor : For additional web related logging consider setting the 'logging.level.web' property to 'DEBUG'
2022-09-19 13:51:50.712  INFO 5764 --- [restartedMain] .s.d.r.c.RepositoryConfigurationDelegate : Bootstrapping Spring Data JPA repositories in DEFAULT mode.
2022-09-19 13:51:50.761  INFO 5764 --- [restartedMain] .s.d.r.c.RepositoryConfigurationDelegate : Finished Spring Data repository scanning in 42 ms. Found 5 JPA repository interfaces.
2022-09-19 13:51:51.238  INFO 5764 --- [restartedMain] o.s.b.w.embedded.tomcat.TomcatWebServer  : Tomcat initialized with port(s): 8080 (http)
2022-09-19 13:51:51.243  INFO 5764 --- [restartedMain] o.apache.catalina.core.StandardService   : Starting service [Tomcat]
2022-09-19 13:51:51.244  INFO 5764 --- [restartedMain] org.apache.catalina.core.StandardEngine  : Starting Servlet engine: [Apache Tomcat/9.0.65]
2022-09-19 13:51:51.308  INFO 5764 --- [restartedMain] o.a.c.c.C.[Tomcat].[localhost].[/]       : Initializing Spring embedded WebApplicationContext
2022-09-19 13:51:51.308  INFO 5764 --- [restartedMain] w.s.c.ServletWebServerApplicationContext : Root WebApplicationContext: initialization completed in 996 ms
2022-09-19 13:51:51.394  INFO 5764 --- [restartedMain] o.hibernate.jpa.internal.util.LogHelper  : HHH000204: Processing PersistenceUnitInfo [name: default]
2022-09-19 13:51:51.418  INFO 5764 --- [restartedMain] org.hibernate.Version                    : HHH000412: Hibernate ORM core version 5.6.10.Final
2022-09-19 13:51:51.491  INFO 5764 --- [restartedMain] o.hibernate.annotations.common.Version   : HCANN000001: Hibernate Commons Annotations {5.1.2.Final}
2022-09-19 13:51:51.541  INFO 5764 --- [restartedMain] com.zaxxer.hikari.HikariDataSource       : HikariPool-1 - Starting...
2022-09-19 13:51:51.836  INFO 5764 --- [restartedMain] com.zaxxer.hikari.HikariDataSource       : HikariPool-1 - Start completed.
2022-09-19 13:51:51.846  INFO 5764 --- [restartedMain] org.hibernate.dialect.Dialect            : HHH000400: Using dialect: org.hibernate.dialect.MySQL55Dialect
2022-09-19 13:51:52.280  INFO 5764 --- [restartedMain] o.h.e.t.j.p.i.JtaPlatformInitiator       : HHH000490: Using JtaPlatform implementation: [org.hibernate.engine.transaction.jta.platform.internal.NoJtaPlatform]
2022-09-19 13:51:52.286  INFO 5764 --- [restartedMain] j.LocalContainerEntityManagerFactoryBean : Initialized JPA EntityManagerFactory for persistence unit 'default'
2022-09-19 13:51:52.888  WARN 5764 --- [restartedMain] JpaBaseConfiguration$JpaWebConfiguration : spring.jpa.open-in-view is enabled by default. Therefore, database queries may be performed during view rendering. Explicitly configure spring.jpa.open-in-view to disable this warning
2022-09-19 13:51:53.022  INFO 5764 --- [restartedMain] o.s.b.a.w.s.WelcomePageHandlerMapping    : Adding welcome page template: index
2022-09-19 13:51:53.104  WARN 5764 --- [restartedMain] org.thymeleaf.templatemode.TemplateMode  : [THYMELEAF][restartedMain] Template Mode 'HTML5' is deprecated. Using Template Mode 'HTML' instead.
2022-09-19 13:51:53.242  INFO 5764 --- [restartedMain] o.s.b.d.a.OptionalLiveReloadServer       : LiveReload server is running on port 35729
2022-09-19 13:51:53.266  INFO 5764 --- [restartedMain] o.s.b.w.embedded.tomcat.TomcatWebServer  : Tomcat started on port(s): 8080 (http) with context path ''
2022-09-19 13:51:53.272  INFO 5764 --- [restartedMain] com.suqianbft.PortalsiteApplication      : Started PortalsiteApplication in 3.282 seconds (JVM running for 3.999)
2022-09-19 13:52:01.855  INFO 5764 --- [http-nio-8080-exec-1] o.a.c.c.C.[Tomcat].[localhost].[/]       : Initializing Spring DispatcherServlet 'dispatcherServlet'
2022-09-19 13:52:01.856  INFO 5764 --- [http-nio-8080-exec-1] o.s.web.servlet.DispatcherServlet        : Initializing Servlet 'dispatcherServlet'
2022-09-19 13:52:01.856  INFO 5764 --- [http-nio-8080-exec-1] o.s.web.servlet.DispatcherServlet        : Completed initialization in 0 ms
2022-09-19 13:52:01.896  INFO 5764 --- [http-nio-8080-exec-1] com.suqianbft.aspect.LogApect            : Request:RequestLog{url='http://127.0.0.1:8080/article/39', ip='127.0.0.1', classMethod='com.suqianbft.web.IndexController.article', args=[39, {}]}
2022-09-19 13:52:02.022  INFO 5764 --- [http-nio-8080-exec-1] com.suqianbft.aspect.LogApect            : Result:{}detail
2022-09-19 13:52:02.857  INFO 5764 --- [http-nio-8080-exec-3] com.suqianbft.aspect.LogApect            : Request:RequestLog{url='http://127.0.0.1:8080/comments/39/', ip='127.0.0.1', classMethod='com.suqianbft.web.CommentController.comments', args=[39, {}]}
2022-09-19 13:52:02.918  INFO 5764 --- [http-nio-8080-exec-3] com.suqianbft.aspect.LogApect            : Result:{}detail :: commentList
2022-09-19 14:03:01.697  INFO 35396 --- [restartedMain] com.suqianbft.PortalsiteApplication      : Starting PortalsiteApplication using Java 1.8.0_31 on LAPTOP-H7OVCIK7 with PID 35396 (F:\ideaProjects\portalsite\target\classes started by Lenovo in F:\ideaProjects\portalsite)
2022-09-19 14:03:01.697 DEBUG 35396 --- [restartedMain] com.suqianbft.PortalsiteApplication      : Running with Spring Boot v2.7.2, Spring v5.3.22
2022-09-19 14:03:01.698  INFO 35396 --- [restartedMain] com.suqianbft.PortalsiteApplication      : The following 1 profile is active: "dev"
2022-09-19 14:03:01.723  INFO 35396 --- [restartedMain] .e.DevToolsPropertyDefaultsPostProcessor : Devtools property defaults active! Set 'spring.devtools.add-properties' to 'false' to disable
2022-09-19 14:03:01.723  INFO 35396 --- [restartedMain] .e.DevToolsPropertyDefaultsPostProcessor : For additional web related logging consider setting the 'logging.level.web' property to 'DEBUG'
2022-09-19 14:03:02.131  INFO 35396 --- [restartedMain] .s.d.r.c.RepositoryConfigurationDelegate : Bootstrapping Spring Data JPA repositories in DEFAULT mode.
2022-09-19 14:03:02.179  INFO 35396 --- [restartedMain] .s.d.r.c.RepositoryConfigurationDelegate : Finished Spring Data repository scanning in 43 ms. Found 5 JPA repository interfaces.
2022-09-19 14:03:02.646  INFO 35396 --- [restartedMain] o.s.b.w.embedded.tomcat.TomcatWebServer  : Tomcat initialized with port(s): 8080 (http)
2022-09-19 14:03:02.651  INFO 35396 --- [restartedMain] o.apache.catalina.core.StandardService   : Starting service [Tomcat]
2022-09-19 14:03:02.652  INFO 35396 --- [restartedMain] org.apache.catalina.core.StandardEngine  : Starting Servlet engine: [Apache Tomcat/9.0.65]
2022-09-19 14:03:02.707  INFO 35396 --- [restartedMain] o.a.c.c.C.[Tomcat].[localhost].[/]       : Initializing Spring embedded WebApplicationContext
2022-09-19 14:03:02.708  INFO 35396 --- [restartedMain] w.s.c.ServletWebServerApplicationContext : Root WebApplicationContext: initialization completed in 985 ms
2022-09-19 14:03:02.796  INFO 35396 --- [restartedMain] o.hibernate.jpa.internal.util.LogHelper  : HHH000204: Processing PersistenceUnitInfo [name: default]
2022-09-19 14:03:02.819  INFO 35396 --- [restartedMain] org.hibernate.Version                    : HHH000412: Hibernate ORM core version 5.6.10.Final
2022-09-19 14:03:02.897  INFO 35396 --- [restartedMain] o.hibernate.annotations.common.Version   : HCANN000001: Hibernate Commons Annotations {5.1.2.Final}
2022-09-19 14:03:02.953  INFO 35396 --- [restartedMain] com.zaxxer.hikari.HikariDataSource       : HikariPool-1 - Starting...
2022-09-19 14:03:03.261  INFO 35396 --- [restartedMain] com.zaxxer.hikari.HikariDataSource       : HikariPool-1 - Start completed.
2022-09-19 14:03:03.271  INFO 35396 --- [restartedMain] org.hibernate.dialect.Dialect            : HHH000400: Using dialect: org.hibernate.dialect.MySQL55Dialect
2022-09-19 14:03:03.706  INFO 35396 --- [restartedMain] o.h.e.t.j.p.i.JtaPlatformInitiator       : HHH000490: Using JtaPlatform implementation: [org.hibernate.engine.transaction.jta.platform.internal.NoJtaPlatform]
2022-09-19 14:03:03.712  INFO 35396 --- [restartedMain] j.LocalContainerEntityManagerFactoryBean : Initialized JPA EntityManagerFactory for persistence unit 'default'
2022-09-19 14:03:04.310  WARN 35396 --- [restartedMain] JpaBaseConfiguration$JpaWebConfiguration : spring.jpa.open-in-view is enabled by default. Therefore, database queries may be performed during view rendering. Explicitly configure spring.jpa.open-in-view to disable this warning
2022-09-19 14:03:04.444  INFO 35396 --- [restartedMain] o.s.b.a.w.s.WelcomePageHandlerMapping    : Adding welcome page template: index
2022-09-19 14:03:04.523  WARN 35396 --- [restartedMain] org.thymeleaf.templatemode.TemplateMode  : [THYMELEAF][restartedMain] Template Mode 'HTML5' is deprecated. Using Template Mode 'HTML' instead.
2022-09-19 14:03:04.663  INFO 35396 --- [restartedMain] o.s.b.d.a.OptionalLiveReloadServer       : LiveReload server is running on port 35729
2022-09-19 14:03:04.687  INFO 35396 --- [restartedMain] o.s.b.w.embedded.tomcat.TomcatWebServer  : Tomcat started on port(s): 8080 (http) with context path ''
2022-09-19 14:03:04.693  INFO 35396 --- [restartedMain] com.suqianbft.PortalsiteApplication      : Started PortalsiteApplication in 3.353 seconds (JVM running for 4.07)
2022-09-19 14:03:33.356  INFO 35396 --- [http-nio-8080-exec-1] o.a.c.c.C.[Tomcat].[localhost].[/]       : Initializing Spring DispatcherServlet 'dispatcherServlet'
2022-09-19 14:03:33.357  INFO 35396 --- [http-nio-8080-exec-1] o.s.web.servlet.DispatcherServlet        : Initializing Servlet 'dispatcherServlet'
2022-09-19 14:03:33.358  INFO 35396 --- [http-nio-8080-exec-1] o.s.web.servlet.DispatcherServlet        : Completed initialization in 1 ms
2022-09-19 14:03:33.402  INFO 35396 --- [http-nio-8080-exec-1] com.suqianbft.aspect.LogApect            : Request:RequestLog{url='http://127.0.0.1:8080/article/39', ip='127.0.0.1', classMethod='com.suqianbft.web.IndexController.article', args=[39, {}]}
2022-09-19 14:03:33.544  INFO 35396 --- [http-nio-8080-exec-1] com.suqianbft.aspect.LogApect            : Result:{}detail
2022-09-19 14:03:35.701  INFO 35396 --- [http-nio-8080-exec-4] com.suqianbft.aspect.LogApect            : Request:RequestLog{url='http://127.0.0.1:8080/comments/39/', ip='127.0.0.1', classMethod='com.suqianbft.web.CommentController.comments', args=[39, {}]}
2022-09-19 14:03:35.767  INFO 35396 --- [http-nio-8080-exec-4] com.suqianbft.aspect.LogApect            : Result:{}detail :: commentList
2022-09-19 14:11:02.397  INFO 35396 --- [http-nio-8080-exec-7] com.suqianbft.aspect.LogApect            : Request:RequestLog{url='http://127.0.0.1:8080/article/39', ip='127.0.0.1', classMethod='com.suqianbft.web.IndexController.article', args=[39, {}]}
2022-09-19 14:11:02.400  INFO 35396 --- [http-nio-8080-exec-7] com.suqianbft.aspect.LogApect            : Result:{}detail
2022-09-19 14:11:02.989  INFO 35396 --- [http-nio-8080-exec-4] com.suqianbft.aspect.LogApect            : Request:RequestLog{url='http://127.0.0.1:8080/comments/39/', ip='127.0.0.1', classMethod='com.suqianbft.web.CommentController.comments', args=[39, {}]}
2022-09-19 14:11:03.013  INFO 35396 --- [http-nio-8080-exec-4] com.suqianbft.aspect.LogApect            : Result:{}detail :: commentList
2022-09-19 15:06:26.545  INFO 36560 --- [restartedMain] com.suqianbft.PortalsiteApplication      : Starting PortalsiteApplication using Java 1.8.0_31 on LAPTOP-H7OVCIK7 with PID 36560 (F:\ideaProjects\portalsite\target\classes started by Lenovo in F:\ideaProjects\portalsite)
2022-09-19 15:06:26.546 DEBUG 36560 --- [restartedMain] com.suqianbft.PortalsiteApplication      : Running with Spring Boot v2.7.2, Spring v5.3.22
2022-09-19 15:06:26.546  INFO 36560 --- [restartedMain] com.suqianbft.PortalsiteApplication      : The following 1 profile is active: "dev"
2022-09-19 15:06:26.572  INFO 36560 --- [restartedMain] .e.DevToolsPropertyDefaultsPostProcessor : Devtools property defaults active! Set 'spring.devtools.add-properties' to 'false' to disable
2022-09-19 15:06:26.573  INFO 36560 --- [restartedMain] .e.DevToolsPropertyDefaultsPostProcessor : For additional web related logging consider setting the 'logging.level.web' property to 'DEBUG'
2022-09-19 15:06:26.966  INFO 36560 --- [restartedMain] .s.d.r.c.RepositoryConfigurationDelegate : Bootstrapping Spring Data JPA repositories in DEFAULT mode.
2022-09-19 15:06:27.014  INFO 36560 --- [restartedMain] .s.d.r.c.RepositoryConfigurationDelegate : Finished Spring Data repository scanning in 42 ms. Found 5 JPA repository interfaces.
2022-09-19 15:06:27.498  INFO 36560 --- [restartedMain] o.s.b.w.embedded.tomcat.TomcatWebServer  : Tomcat initialized with port(s): 8080 (http)
2022-09-19 15:06:27.503  INFO 36560 --- [restartedMain] o.apache.catalina.core.StandardService   : Starting service [Tomcat]
2022-09-19 15:06:27.504  INFO 36560 --- [restartedMain] org.apache.catalina.core.StandardEngine  : Starting Servlet engine: [Apache Tomcat/9.0.65]
2022-09-19 15:06:27.559  INFO 36560 --- [restartedMain] o.a.c.c.C.[Tomcat].[localhost].[/]       : Initializing Spring embedded WebApplicationContext
2022-09-19 15:06:27.559  INFO 36560 --- [restartedMain] w.s.c.ServletWebServerApplicationContext : Root WebApplicationContext: initialization completed in 986 ms
2022-09-19 15:06:27.649  INFO 36560 --- [restartedMain] o.hibernate.jpa.internal.util.LogHelper  : HHH000204: Processing PersistenceUnitInfo [name: default]
2022-09-19 15:06:27.672  INFO 36560 --- [restartedMain] org.hibernate.Version                    : HHH000412: Hibernate ORM core version 5.6.10.Final
2022-09-19 15:06:27.746  INFO 36560 --- [restartedMain] o.hibernate.annotations.common.Version   : HCANN000001: Hibernate Commons Annotations {5.1.2.Final}
2022-09-19 15:06:27.797  INFO 36560 --- [restartedMain] com.zaxxer.hikari.HikariDataSource       : HikariPool-1 - Starting...
2022-09-19 15:06:28.092  INFO 36560 --- [restartedMain] com.zaxxer.hikari.HikariDataSource       : HikariPool-1 - Start completed.
2022-09-19 15:06:28.102  INFO 36560 --- [restartedMain] org.hibernate.dialect.Dialect            : HHH000400: Using dialect: org.hibernate.dialect.MySQL55Dialect
2022-09-19 15:06:28.566  INFO 36560 --- [restartedMain] o.h.e.t.j.p.i.JtaPlatformInitiator       : HHH000490: Using JtaPlatform implementation: [org.hibernate.engine.transaction.jta.platform.internal.NoJtaPlatform]
2022-09-19 15:06:28.571  INFO 36560 --- [restartedMain] j.LocalContainerEntityManagerFactoryBean : Initialized JPA EntityManagerFactory for persistence unit 'default'
2022-09-19 15:06:29.178  WARN 36560 --- [restartedMain] JpaBaseConfiguration$JpaWebConfiguration : spring.jpa.open-in-view is enabled by default. Therefore, database queries may be performed during view rendering. Explicitly configure spring.jpa.open-in-view to disable this warning
2022-09-19 15:06:29.316  INFO 36560 --- [restartedMain] o.s.b.a.w.s.WelcomePageHandlerMapping    : Adding welcome page template: index
2022-09-19 15:06:29.395  WARN 36560 --- [restartedMain] org.thymeleaf.templatemode.TemplateMode  : [THYMELEAF][restartedMain] Template Mode 'HTML5' is deprecated. Using Template Mode 'HTML' instead.
2022-09-19 15:06:29.534  INFO 36560 --- [restartedMain] o.s.b.d.a.OptionalLiveReloadServer       : LiveReload server is running on port 35729
2022-09-19 15:06:29.557  INFO 36560 --- [restartedMain] o.s.b.w.embedded.tomcat.TomcatWebServer  : Tomcat started on port(s): 8080 (http) with context path ''
2022-09-19 15:06:29.564  INFO 36560 --- [restartedMain] com.suqianbft.PortalsiteApplication      : Started PortalsiteApplication in 3.311 seconds (JVM running for 3.986)
2022-09-19 15:06:48.011  INFO 36560 --- [http-nio-8080-exec-1] o.a.c.c.C.[Tomcat].[localhost].[/]       : Initializing Spring DispatcherServlet 'dispatcherServlet'
2022-09-19 15:06:48.011  INFO 36560 --- [http-nio-8080-exec-1] o.s.web.servlet.DispatcherServlet        : Initializing Servlet 'dispatcherServlet'
2022-09-19 15:06:48.012  INFO 36560 --- [http-nio-8080-exec-1] o.s.web.servlet.DispatcherServlet        : Completed initialization in 1 ms
2022-09-19 15:07:06.113  INFO 36560 --- [http-nio-8080-exec-6] com.suqianbft.aspect.LogApect            : Request:RequestLog{url='http://127.0.0.1:8080/article/39', ip='127.0.0.1', classMethod='com.suqianbft.web.IndexController.article', args=[39, {}]}
2022-09-19 15:07:06.220  INFO 36560 --- [http-nio-8080-exec-6] com.suqianbft.aspect.LogApect            : Result:{}detail
2022-09-19 15:07:06.668  INFO 36560 --- [http-nio-8080-exec-7] com.suqianbft.aspect.LogApect            : Request:RequestLog{url='http://127.0.0.1:8080/comments/39/', ip='127.0.0.1', classMethod='com.suqianbft.web.CommentController.comments', args=[39, {}]}
2022-09-19 15:07:06.714  INFO 36560 --- [http-nio-8080-exec-7] com.suqianbft.aspect.LogApect            : Result:{}detail :: commentList
2022-09-19 15:07:21.632  INFO 36560 --- [http-nio-8080-exec-6] com.suqianbft.aspect.LogApect            : Request:RequestLog{url='http://127.0.0.1:8080/comments', ip='127.0.0.1', classMethod='com.suqianbft.web.CommentController.post', args=[Comment{id=null, nickname='JunpengZhou', email='862656358@qq.com', content='不错哦！！', avatar='null', creatTime=null, article=Article{id=39, title='null', content='null', picture='null', flag='null', views=null, appreciation=false, shareStatment=false, commentable=false, published=false, recommend=false, createTime=null, updateTime=null}, replyComments=[], parentComment=Comment{id=-1, nickname='null', email='null', content='null', avatar='null', creatTime=null, article=null, replyComments=[], parentComment=null, adminComment=false}, adminComment=false}, org.apache.catalina.session.StandardSessionFacade@2fb2cb8b]}
2022-09-19 15:07:21.693  INFO 36560 --- [http-nio-8080-exec-6] com.suqianbft.aspect.LogApect            : Result:{}redirect:/comments/39
2022-09-19 15:07:21.708  INFO 36560 --- [http-nio-8080-exec-3] com.suqianbft.aspect.LogApect            : Request:RequestLog{url='http://127.0.0.1:8080/comments/39', ip='127.0.0.1', classMethod='com.suqianbft.web.CommentController.comments', args=[39, {}]}
2022-09-19 15:07:21.731  INFO 36560 --- [http-nio-8080-exec-3] com.suqianbft.aspect.LogApect            : Result:{}detail :: commentList
2022-09-19 15:07:41.090  INFO 36560 --- [http-nio-8080-exec-5] com.suqianbft.aspect.LogApect            : Request:RequestLog{url='http://127.0.0.1:8080/comments', ip='127.0.0.1', classMethod='com.suqianbft.web.CommentController.post', args=[Comment{id=null, nickname='JunpengZhou', email='862656358@qq.com', content='你是个傻子！', avatar='null', creatTime=null, article=Article{id=39, title='null', content='null', picture='null', flag='null', views=null, appreciation=false, shareStatment=false, commentable=false, published=false, recommend=false, createTime=null, updateTime=null}, replyComments=[], parentComment=Comment{id=67, nickname='null', email='null', content='null', avatar='null', creatTime=null, article=null, replyComments=[], parentComment=null, adminComment=false}, adminComment=false}, org.apache.catalina.session.StandardSessionFacade@2fb2cb8b]}
2022-09-19 15:07:41.110  INFO 36560 --- [http-nio-8080-exec-5] com.suqianbft.aspect.LogApect            : Result:{}redirect:/comments/39
2022-09-19 15:07:41.116  INFO 36560 --- [http-nio-8080-exec-1] com.suqianbft.aspect.LogApect            : Request:RequestLog{url='http://127.0.0.1:8080/comments/39', ip='127.0.0.1', classMethod='com.suqianbft.web.CommentController.comments', args=[39, {}]}
2022-09-19 15:07:41.139  INFO 36560 --- [http-nio-8080-exec-1] com.suqianbft.aspect.LogApect            : Result:{}detail :: commentList
2022-09-19 15:08:14.081  INFO 36560 --- [http-nio-8080-exec-3] com.suqianbft.aspect.LogApect            : Request:RequestLog{url='http://127.0.0.1:8080/about', ip='127.0.0.1', classMethod='com.suqianbft.web.IndexController.about', args=[]}
2022-09-19 15:08:14.081  INFO 36560 --- [http-nio-8080-exec-3] com.suqianbft.aspect.LogApect            : Result:{}about
