2022-09-08 08:45:06.152  INFO 14364 --- [restartedMain] com.suqianbft.PortalsiteApplication      : Starting PortalsiteApplication using Java 1.8.0_31 on LAPTOP-H7OVCIK7 with PID 14364 (F:\ideaProjects\portalsite\target\classes started by Lenovo in F:\ideaProjects\portalsite)
2022-09-08 08:45:06.154 DEBUG 14364 --- [restartedMain] com.suqianbft.PortalsiteApplication      : Running with Spring Boot v2.7.2, Spring v5.3.22
2022-09-08 08:45:06.155  INFO 14364 --- [restartedMain] com.suqianbft.PortalsiteApplication      : The following 1 profile is active: "dev"
2022-09-08 08:45:06.184  INFO 14364 --- [restartedMain] .e.DevToolsPropertyDefaultsPostProcessor : Devtools property defaults active! Set 'spring.devtools.add-properties' to 'false' to disable
2022-09-08 08:45:06.185  INFO 14364 --- [restartedMain] .e.DevToolsPropertyDefaultsPostProcessor : For additional web related logging consider setting the 'logging.level.web' property to 'DEBUG'
2022-09-08 08:45:06.703  INFO 14364 --- [restartedMain] .s.d.r.c.RepositoryConfigurationDelegate : Bootstrapping Spring Data JPA repositories in DEFAULT mode.
2022-09-08 08:45:06.773  INFO 14364 --- [restartedMain] .s.d.r.c.RepositoryConfigurationDelegate : Finished Spring Data repository scanning in 59 ms. Found 4 JPA repository interfaces.
2022-09-08 08:45:07.426  INFO 14364 --- [restartedMain] o.s.b.w.embedded.tomcat.TomcatWebServer  : Tomcat initialized with port(s): 8080 (http)
2022-09-08 08:45:07.434  INFO 14364 --- [restartedMain] o.apache.catalina.core.StandardService   : Starting service [Tomcat]
2022-09-08 08:45:07.434  INFO 14364 --- [restartedMain] org.apache.catalina.core.StandardEngine  : Starting Servlet engine: [Apache Tomcat/9.0.65]
2022-09-08 08:45:07.508  INFO 14364 --- [restartedMain] o.a.c.c.C.[Tomcat].[localhost].[/]       : Initializing Spring embedded WebApplicationContext
2022-09-08 08:45:07.509  INFO 14364 --- [restartedMain] w.s.c.ServletWebServerApplicationContext : Root WebApplicationContext: initialization completed in 1324 ms
2022-09-08 08:45:07.614  INFO 14364 --- [restartedMain] o.hibernate.jpa.internal.util.LogHelper  : HHH000204: Processing PersistenceUnitInfo [name: default]
2022-09-08 08:45:07.655  INFO 14364 --- [restartedMain] org.hibernate.Version                    : HHH000412: Hibernate ORM core version 5.6.10.Final
2022-09-08 08:45:07.793  INFO 14364 --- [restartedMain] o.hibernate.annotations.common.Version   : HCANN000001: Hibernate Commons Annotations {5.1.2.Final}
2022-09-08 08:45:07.877  INFO 14364 --- [restartedMain] com.zaxxer.hikari.HikariDataSource       : HikariPool-1 - Starting...
2022-09-08 08:45:08.139  INFO 14364 --- [restartedMain] com.zaxxer.hikari.HikariDataSource       : HikariPool-1 - Start completed.
2022-09-08 08:45:08.153  INFO 14364 --- [restartedMain] org.hibernate.dialect.Dialect            : HHH000400: Using dialect: org.hibernate.dialect.MySQL55Dialect
2022-09-08 08:45:08.730  INFO 14364 --- [restartedMain] o.h.e.t.j.p.i.JtaPlatformInitiator       : HHH000490: Using JtaPlatform implementation: [org.hibernate.engine.transaction.jta.platform.internal.NoJtaPlatform]
2022-09-08 08:45:08.736  INFO 14364 --- [restartedMain] j.LocalContainerEntityManagerFactoryBean : Initialized JPA EntityManagerFactory for persistence unit 'default'
2022-09-08 08:45:09.367  WARN 14364 --- [restartedMain] JpaBaseConfiguration$JpaWebConfiguration : spring.jpa.open-in-view is enabled by default. Therefore, database queries may be performed during view rendering. Explicitly configure spring.jpa.open-in-view to disable this warning
2022-09-08 08:45:09.532  INFO 14364 --- [restartedMain] o.s.b.a.w.s.WelcomePageHandlerMapping    : Adding welcome page template: index
2022-09-08 08:45:09.627  WARN 14364 --- [restartedMain] org.thymeleaf.templatemode.TemplateMode  : [THYMELEAF][restartedMain] Template Mode 'HTML5' is deprecated. Using Template Mode 'HTML' instead.
2022-09-08 08:45:09.792  INFO 14364 --- [restartedMain] o.s.b.d.a.OptionalLiveReloadServer       : LiveReload server is running on port 35729
2022-09-08 08:45:09.820  INFO 14364 --- [restartedMain] o.s.b.w.embedded.tomcat.TomcatWebServer  : Tomcat started on port(s): 8080 (http) with context path ''
2022-09-08 08:45:09.827  INFO 14364 --- [restartedMain] com.suqianbft.PortalsiteApplication      : Started PortalsiteApplication in 4.101 seconds (JVM running for 4.82)
2022-09-08 08:45:15.438  INFO 14364 --- [http-nio-8080-exec-1] o.a.c.c.C.[Tomcat].[localhost].[/]       : Initializing Spring DispatcherServlet 'dispatcherServlet'
2022-09-08 08:45:15.438  INFO 14364 --- [http-nio-8080-exec-1] o.s.web.servlet.DispatcherServlet        : Initializing Servlet 'dispatcherServlet'
2022-09-08 08:45:15.439  INFO 14364 --- [http-nio-8080-exec-1] o.s.web.servlet.DispatcherServlet        : Completed initialization in 1 ms
2022-09-08 08:45:19.015  INFO 14364 --- [http-nio-8080-exec-3] com.suqianbft.aspect.LogApect            : Request:RequestLog{url='http://127.0.0.1:8080/', ip='127.0.0.1', classMethod='com.suqianbft.web.IndexController.index', args=[{}, Page request [number: 0, size 5, sort: updateTime: DESC]]}
2022-09-08 08:45:19.130  WARN 14364 --- [http-nio-8080-exec-3] org.hibernate.orm.deprecation            : HHH90000016: Found use of deprecated 'collection property' syntax in HQL/JPQL query [t.article.size]; use collection function syntax instead [size(t.article)].
2022-09-08 08:45:19.141  WARN 14364 --- [http-nio-8080-exec-3] org.hibernate.orm.deprecation            : HHH90000016: Found use of deprecated 'collection property' syntax in HQL/JPQL query [t.articles.size]; use collection function syntax instead [size(t.articles)].
2022-09-08 08:45:19.148  INFO 14364 --- [http-nio-8080-exec-3] com.suqianbft.aspect.LogApect            : Result:{}index
2022-09-08 08:50:54.639  INFO 14364 --- [http-nio-8080-exec-2] com.suqianbft.aspect.LogApect            : Request:RequestLog{url='http://127.0.0.1:8080/', ip='127.0.0.1', classMethod='com.suqianbft.web.IndexController.index', args=[{}, Page request [number: 0, size 5, sort: updateTime: DESC]]}
2022-09-08 08:50:54.656  INFO 14364 --- [http-nio-8080-exec-2] com.suqianbft.aspect.LogApect            : Result:{}index
2022-09-08 09:16:22.199  INFO 1600 --- [restartedMain] com.suqianbft.PortalsiteApplication      : Starting PortalsiteApplication using Java 1.8.0_31 on LAPTOP-H7OVCIK7 with PID 1600 (F:\ideaProjects\portalsite\target\classes started by Lenovo in F:\ideaProjects\portalsite)
2022-09-08 09:16:22.200 DEBUG 1600 --- [restartedMain] com.suqianbft.PortalsiteApplication      : Running with Spring Boot v2.7.2, Spring v5.3.22
2022-09-08 09:16:22.200  INFO 1600 --- [restartedMain] com.suqianbft.PortalsiteApplication      : The following 1 profile is active: "dev"
2022-09-08 09:16:22.226  INFO 1600 --- [restartedMain] .e.DevToolsPropertyDefaultsPostProcessor : Devtools property defaults active! Set 'spring.devtools.add-properties' to 'false' to disable
2022-09-08 09:16:22.226  INFO 1600 --- [restartedMain] .e.DevToolsPropertyDefaultsPostProcessor : For additional web related logging consider setting the 'logging.level.web' property to 'DEBUG'
2022-09-08 09:16:22.625  INFO 1600 --- [restartedMain] .s.d.r.c.RepositoryConfigurationDelegate : Bootstrapping Spring Data JPA repositories in DEFAULT mode.
2022-09-08 09:16:22.670  INFO 1600 --- [restartedMain] .s.d.r.c.RepositoryConfigurationDelegate : Finished Spring Data repository scanning in 38 ms. Found 4 JPA repository interfaces.
2022-09-08 09:16:23.136  INFO 1600 --- [restartedMain] o.s.b.w.embedded.tomcat.TomcatWebServer  : Tomcat initialized with port(s): 8080 (http)
2022-09-08 09:16:23.142  INFO 1600 --- [restartedMain] o.apache.catalina.core.StandardService   : Starting service [Tomcat]
2022-09-08 09:16:23.142  INFO 1600 --- [restartedMain] org.apache.catalina.core.StandardEngine  : Starting Servlet engine: [Apache Tomcat/9.0.65]
2022-09-08 09:16:23.207  INFO 1600 --- [restartedMain] o.a.c.c.C.[Tomcat].[localhost].[/]       : Initializing Spring embedded WebApplicationContext
2022-09-08 09:16:23.207  INFO 1600 --- [restartedMain] w.s.c.ServletWebServerApplicationContext : Root WebApplicationContext: initialization completed in 981 ms
2022-09-08 09:16:23.290  INFO 1600 --- [restartedMain] o.hibernate.jpa.internal.util.LogHelper  : HHH000204: Processing PersistenceUnitInfo [name: default]
2022-09-08 09:16:23.313  INFO 1600 --- [restartedMain] org.hibernate.Version                    : HHH000412: Hibernate ORM core version 5.6.10.Final
2022-09-08 09:16:23.386  INFO 1600 --- [restartedMain] o.hibernate.annotations.common.Version   : HCANN000001: Hibernate Commons Annotations {5.1.2.Final}
2022-09-08 09:16:23.444  INFO 1600 --- [restartedMain] com.zaxxer.hikari.HikariDataSource       : HikariPool-1 - Starting...
2022-09-08 09:16:23.537  INFO 1600 --- [restartedMain] com.zaxxer.hikari.HikariDataSource       : HikariPool-1 - Start completed.
2022-09-08 09:16:23.549  INFO 1600 --- [restartedMain] org.hibernate.dialect.Dialect            : HHH000400: Using dialect: org.hibernate.dialect.MySQL55Dialect
2022-09-08 09:16:24.019  INFO 1600 --- [restartedMain] o.h.e.t.j.p.i.JtaPlatformInitiator       : HHH000490: Using JtaPlatform implementation: [org.hibernate.engine.transaction.jta.platform.internal.NoJtaPlatform]
2022-09-08 09:16:24.024  INFO 1600 --- [restartedMain] j.LocalContainerEntityManagerFactoryBean : Initialized JPA EntityManagerFactory for persistence unit 'default'
2022-09-08 09:16:24.485  WARN 1600 --- [restartedMain] JpaBaseConfiguration$JpaWebConfiguration : spring.jpa.open-in-view is enabled by default. Therefore, database queries may be performed during view rendering. Explicitly configure spring.jpa.open-in-view to disable this warning
2022-09-08 09:16:24.735  INFO 1600 --- [restartedMain] o.s.b.a.w.s.WelcomePageHandlerMapping    : Adding welcome page template: index
2022-09-08 09:16:24.813  WARN 1600 --- [restartedMain] org.thymeleaf.templatemode.TemplateMode  : [THYMELEAF][restartedMain] Template Mode 'HTML5' is deprecated. Using Template Mode 'HTML' instead.
2022-09-08 09:16:24.948  INFO 1600 --- [restartedMain] o.s.b.d.a.OptionalLiveReloadServer       : LiveReload server is running on port 35729
2022-09-08 09:16:24.971  INFO 1600 --- [restartedMain] o.s.b.w.embedded.tomcat.TomcatWebServer  : Tomcat started on port(s): 8080 (http) with context path ''
2022-09-08 09:16:24.978  INFO 1600 --- [restartedMain] com.suqianbft.PortalsiteApplication      : Started PortalsiteApplication in 3.068 seconds (JVM running for 3.655)
2022-09-08 09:16:35.417  INFO 1600 --- [http-nio-8080-exec-1] o.a.c.c.C.[Tomcat].[localhost].[/]       : Initializing Spring DispatcherServlet 'dispatcherServlet'
2022-09-08 09:16:35.418  INFO 1600 --- [http-nio-8080-exec-1] o.s.web.servlet.DispatcherServlet        : Initializing Servlet 'dispatcherServlet'
2022-09-08 09:16:35.419  INFO 1600 --- [http-nio-8080-exec-1] o.s.web.servlet.DispatcherServlet        : Completed initialization in 1 ms
2022-09-08 09:16:35.452  INFO 1600 --- [http-nio-8080-exec-1] com.suqianbft.aspect.LogApect            : Request:RequestLog{url='http://127.0.0.1:8080/', ip='127.0.0.1', classMethod='com.suqianbft.web.IndexController.index', args=[{}, Page request [number: 0, size 5, sort: updateTime: DESC]]}
2022-09-08 09:16:35.549  WARN 1600 --- [http-nio-8080-exec-1] org.hibernate.orm.deprecation            : HHH90000016: Found use of deprecated 'collection property' syntax in HQL/JPQL query [t.article.size]; use collection function syntax instead [size(t.article)].
2022-09-08 09:16:35.559  WARN 1600 --- [http-nio-8080-exec-1] org.hibernate.orm.deprecation            : HHH90000016: Found use of deprecated 'collection property' syntax in HQL/JPQL query [t.articles.size]; use collection function syntax instead [size(t.articles)].
2022-09-08 09:16:35.565  INFO 1600 --- [http-nio-8080-exec-1] com.suqianbft.aspect.LogApect            : Result:{}index
2022-09-08 09:25:37.537  INFO 1600 --- [http-nio-8080-exec-6] com.suqianbft.aspect.LogApect            : Request:RequestLog{url='http://127.0.0.1:8080/', ip='127.0.0.1', classMethod='com.suqianbft.web.IndexController.index', args=[{}, Page request [number: 0, size 5, sort: updateTime: DESC]]}
2022-09-08 09:25:37.548  INFO 1600 --- [http-nio-8080-exec-6] com.suqianbft.aspect.LogApect            : Result:{}index
2022-09-08 09:27:28.217  INFO 1600 --- [http-nio-8080-exec-9] com.suqianbft.aspect.LogApect            : Request:RequestLog{url='http://127.0.0.1:8080/', ip='127.0.0.1', classMethod='com.suqianbft.web.IndexController.index', args=[{}, Page request [number: 0, size 5, sort: updateTime: DESC]]}
2022-09-08 09:27:28.228  INFO 1600 --- [http-nio-8080-exec-9] com.suqianbft.aspect.LogApect            : Result:{}index
2022-09-08 09:29:33.392  INFO 1600 --- [http-nio-8080-exec-1] com.suqianbft.aspect.LogApect            : Request:RequestLog{url='http://127.0.0.1:8080/', ip='127.0.0.1', classMethod='com.suqianbft.web.IndexController.index', args=[{}, Page request [number: 0, size 5, sort: updateTime: DESC]]}
2022-09-08 09:29:33.401  INFO 1600 --- [http-nio-8080-exec-1] com.suqianbft.aspect.LogApect            : Result:{}index
2022-09-08 09:30:46.840  INFO 1600 --- [http-nio-8080-exec-10] com.suqianbft.aspect.LogApect            : Request:RequestLog{url='http://127.0.0.1:8080/', ip='127.0.0.1', classMethod='com.suqianbft.web.IndexController.index', args=[{}, Page request [number: 0, size 5, sort: updateTime: DESC]]}
2022-09-08 09:30:46.855  INFO 1600 --- [http-nio-8080-exec-10] com.suqianbft.aspect.LogApect            : Result:{}index
2022-09-08 09:34:16.249  INFO 1600 --- [http-nio-8080-exec-7] com.suqianbft.aspect.LogApect            : Request:RequestLog{url='http://127.0.0.1:8080/', ip='127.0.0.1', classMethod='com.suqianbft.web.IndexController.index', args=[{}, Page request [number: 0, size 5, sort: updateTime: DESC]]}
2022-09-08 09:34:16.258  INFO 1600 --- [http-nio-8080-exec-7] com.suqianbft.aspect.LogApect            : Result:{}index
2022-09-08 09:35:05.319  INFO 7992 --- [restartedMain] com.suqianbft.PortalsiteApplication      : Starting PortalsiteApplication using Java 1.8.0_31 on LAPTOP-H7OVCIK7 with PID 7992 (F:\ideaProjects\portalsite\target\classes started by Lenovo in F:\ideaProjects\portalsite)
2022-09-08 09:35:05.320 DEBUG 7992 --- [restartedMain] com.suqianbft.PortalsiteApplication      : Running with Spring Boot v2.7.2, Spring v5.3.22
2022-09-08 09:35:05.320  INFO 7992 --- [restartedMain] com.suqianbft.PortalsiteApplication      : The following 1 profile is active: "dev"
2022-09-08 09:35:05.345  INFO 7992 --- [restartedMain] .e.DevToolsPropertyDefaultsPostProcessor : Devtools property defaults active! Set 'spring.devtools.add-properties' to 'false' to disable
2022-09-08 09:35:05.345  INFO 7992 --- [restartedMain] .e.DevToolsPropertyDefaultsPostProcessor : For additional web related logging consider setting the 'logging.level.web' property to 'DEBUG'
2022-09-08 09:35:05.735  INFO 7992 --- [restartedMain] .s.d.r.c.RepositoryConfigurationDelegate : Bootstrapping Spring Data JPA repositories in DEFAULT mode.
2022-09-08 09:35:05.782  INFO 7992 --- [restartedMain] .s.d.r.c.RepositoryConfigurationDelegate : Finished Spring Data repository scanning in 41 ms. Found 4 JPA repository interfaces.
2022-09-08 09:35:06.249  INFO 7992 --- [restartedMain] o.s.b.w.embedded.tomcat.TomcatWebServer  : Tomcat initialized with port(s): 8080 (http)
2022-09-08 09:35:06.253  INFO 7992 --- [restartedMain] o.apache.catalina.core.StandardService   : Starting service [Tomcat]
2022-09-08 09:35:06.253  INFO 7992 --- [restartedMain] org.apache.catalina.core.StandardEngine  : Starting Servlet engine: [Apache Tomcat/9.0.65]
2022-09-08 09:35:06.320  INFO 7992 --- [restartedMain] o.a.c.c.C.[Tomcat].[localhost].[/]       : Initializing Spring embedded WebApplicationContext
2022-09-08 09:35:06.320  INFO 7992 --- [restartedMain] w.s.c.ServletWebServerApplicationContext : Root WebApplicationContext: initialization completed in 974 ms
2022-09-08 09:35:06.407  INFO 7992 --- [restartedMain] o.hibernate.jpa.internal.util.LogHelper  : HHH000204: Processing PersistenceUnitInfo [name: default]
2022-09-08 09:35:06.429  INFO 7992 --- [restartedMain] org.hibernate.Version                    : HHH000412: Hibernate ORM core version 5.6.10.Final
2022-09-08 09:35:06.504  INFO 7992 --- [restartedMain] o.hibernate.annotations.common.Version   : HCANN000001: Hibernate Commons Annotations {5.1.2.Final}
2022-09-08 09:35:06.552  INFO 7992 --- [restartedMain] com.zaxxer.hikari.HikariDataSource       : HikariPool-1 - Starting...
2022-09-08 09:35:06.787  INFO 7992 --- [restartedMain] com.zaxxer.hikari.HikariDataSource       : HikariPool-1 - Start completed.
2022-09-08 09:35:06.797  INFO 7992 --- [restartedMain] org.hibernate.dialect.Dialect            : HHH000400: Using dialect: org.hibernate.dialect.MySQL55Dialect
2022-09-08 09:35:07.239  INFO 7992 --- [restartedMain] o.h.e.t.j.p.i.JtaPlatformInitiator       : HHH000490: Using JtaPlatform implementation: [org.hibernate.engine.transaction.jta.platform.internal.NoJtaPlatform]
2022-09-08 09:35:07.245  INFO 7992 --- [restartedMain] j.LocalContainerEntityManagerFactoryBean : Initialized JPA EntityManagerFactory for persistence unit 'default'
2022-09-08 09:35:07.752  WARN 7992 --- [restartedMain] JpaBaseConfiguration$JpaWebConfiguration : spring.jpa.open-in-view is enabled by default. Therefore, database queries may be performed during view rendering. Explicitly configure spring.jpa.open-in-view to disable this warning
2022-09-08 09:35:07.992  INFO 7992 --- [restartedMain] o.s.b.a.w.s.WelcomePageHandlerMapping    : Adding welcome page template: index
2022-09-08 09:35:08.071  WARN 7992 --- [restartedMain] org.thymeleaf.templatemode.TemplateMode  : [THYMELEAF][restartedMain] Template Mode 'HTML5' is deprecated. Using Template Mode 'HTML' instead.
2022-09-08 09:35:08.208  INFO 7992 --- [restartedMain] o.s.b.d.a.OptionalLiveReloadServer       : LiveReload server is running on port 35729
2022-09-08 09:35:08.233  INFO 7992 --- [restartedMain] o.s.b.w.embedded.tomcat.TomcatWebServer  : Tomcat started on port(s): 8080 (http) with context path ''
2022-09-08 09:35:08.239  INFO 7992 --- [restartedMain] com.suqianbft.PortalsiteApplication      : Started PortalsiteApplication in 3.212 seconds (JVM running for 3.789)
2022-09-08 09:35:14.949  INFO 7992 --- [http-nio-8080-exec-1] o.a.c.c.C.[Tomcat].[localhost].[/]       : Initializing Spring DispatcherServlet 'dispatcherServlet'
2022-09-08 09:35:14.949  INFO 7992 --- [http-nio-8080-exec-1] o.s.web.servlet.DispatcherServlet        : Initializing Servlet 'dispatcherServlet'
2022-09-08 09:35:14.950  INFO 7992 --- [http-nio-8080-exec-1] o.s.web.servlet.DispatcherServlet        : Completed initialization in 1 ms
2022-09-08 09:35:14.974  INFO 7992 --- [http-nio-8080-exec-1] com.suqianbft.aspect.LogApect            : Request:RequestLog{url='http://127.0.0.1:8080/', ip='127.0.0.1', classMethod='com.suqianbft.web.IndexController.index', args=[{}, Page request [number: 0, size 5, sort: updateTime: DESC]]}
2022-09-08 09:35:15.044  WARN 7992 --- [http-nio-8080-exec-1] org.hibernate.orm.deprecation            : HHH90000016: Found use of deprecated 'collection property' syntax in HQL/JPQL query [t.article.size]; use collection function syntax instead [size(t.article)].
2022-09-08 09:35:15.051  WARN 7992 --- [http-nio-8080-exec-1] org.hibernate.orm.deprecation            : HHH90000016: Found use of deprecated 'collection property' syntax in HQL/JPQL query [t.articles.size]; use collection function syntax instead [size(t.articles)].
2022-09-08 09:35:15.056  INFO 7992 --- [http-nio-8080-exec-1] com.suqianbft.aspect.LogApect            : Result:{}index
2022-09-08 09:39:50.982  INFO 7992 --- [http-nio-8080-exec-8] com.suqianbft.aspect.LogApect            : Request:RequestLog{url='http://127.0.0.1:8080/', ip='127.0.0.1', classMethod='com.suqianbft.web.IndexController.index', args=[{}, Page request [number: 0, size 5, sort: updateTime: DESC]]}
2022-09-08 09:39:50.996  INFO 7992 --- [http-nio-8080-exec-8] com.suqianbft.aspect.LogApect            : Result:{}index
2022-09-08 09:54:28.225  INFO 7992 --- [http-nio-8080-exec-3] com.suqianbft.aspect.LogApect            : Request:RequestLog{url='http://127.0.0.1:8080/', ip='127.0.0.1', classMethod='com.suqianbft.web.IndexController.index', args=[{}, Page request [number: 0, size 5, sort: updateTime: DESC]]}
2022-09-08 09:54:28.236  INFO 7992 --- [http-nio-8080-exec-3] com.suqianbft.aspect.LogApect            : Result:{}index
2022-09-08 09:59:45.511  INFO 7992 --- [http-nio-8080-exec-10] com.suqianbft.aspect.LogApect            : Request:RequestLog{url='http://127.0.0.1:8080/', ip='127.0.0.1', classMethod='com.suqianbft.web.IndexController.index', args=[{}, Page request [number: 0, size 5, sort: updateTime: DESC]]}
2022-09-08 09:59:45.533  INFO 7992 --- [http-nio-8080-exec-10] com.suqianbft.aspect.LogApect            : Result:{}index
2022-09-08 10:01:50.744  INFO 7992 --- [http-nio-8080-exec-4] com.suqianbft.aspect.LogApect            : Request:RequestLog{url='http://127.0.0.1:8080/', ip='127.0.0.1', classMethod='com.suqianbft.web.IndexController.index', args=[{}, Page request [number: 0, size 5, sort: updateTime: DESC]]}
2022-09-08 10:01:50.754  INFO 7992 --- [http-nio-8080-exec-4] com.suqianbft.aspect.LogApect            : Result:{}index
2022-09-08 10:07:14.567  INFO 7992 --- [http-nio-8080-exec-5] com.suqianbft.aspect.LogApect            : Request:RequestLog{url='http://127.0.0.1:8080/', ip='127.0.0.1', classMethod='com.suqianbft.web.IndexController.index', args=[{}, Page request [number: 0, size 5, sort: updateTime: DESC]]}
2022-09-08 10:07:14.577  INFO 7992 --- [http-nio-8080-exec-5] com.suqianbft.aspect.LogApect            : Result:{}index
2022-09-08 10:11:52.270  INFO 7992 --- [http-nio-8080-exec-7] com.suqianbft.aspect.LogApect            : Request:RequestLog{url='http://127.0.0.1:8080/', ip='127.0.0.1', classMethod='com.suqianbft.web.IndexController.index', args=[{}, Page request [number: 0, size 5, sort: updateTime: DESC]]}
2022-09-08 10:11:52.285  INFO 7992 --- [http-nio-8080-exec-7] com.suqianbft.aspect.LogApect            : Result:{}index
2022-09-08 10:12:34.040  INFO 7992 --- [http-nio-8080-exec-8] com.suqianbft.aspect.LogApect            : Request:RequestLog{url='http://127.0.0.1:8080/', ip='127.0.0.1', classMethod='com.suqianbft.web.IndexController.index', args=[{}, Page request [number: 0, size 5, sort: updateTime: DESC]]}
2022-09-08 10:12:34.047  INFO 7992 --- [http-nio-8080-exec-8] com.suqianbft.aspect.LogApect            : Result:{}index
2022-09-08 10:15:48.202  INFO 7992 --- [http-nio-8080-exec-9] com.suqianbft.aspect.LogApect            : Request:RequestLog{url='http://127.0.0.1:8080/', ip='127.0.0.1', classMethod='com.suqianbft.web.IndexController.index', args=[{}, Page request [number: 0, size 5, sort: updateTime: DESC]]}
2022-09-08 10:15:48.213  INFO 7992 --- [http-nio-8080-exec-9] com.suqianbft.aspect.LogApect            : Result:{}index
2022-09-08 10:17:44.448  INFO 20232 --- [restartedMain] com.suqianbft.PortalsiteApplication      : Starting PortalsiteApplication using Java 1.8.0_31 on LAPTOP-H7OVCIK7 with PID 20232 (F:\ideaProjects\portalsite\target\classes started by Lenovo in F:\ideaProjects\portalsite)
2022-09-08 10:17:44.449 DEBUG 20232 --- [restartedMain] com.suqianbft.PortalsiteApplication      : Running with Spring Boot v2.7.2, Spring v5.3.22
2022-09-08 10:17:44.450  INFO 20232 --- [restartedMain] com.suqianbft.PortalsiteApplication      : The following 1 profile is active: "dev"
2022-09-08 10:17:44.475  INFO 20232 --- [restartedMain] .e.DevToolsPropertyDefaultsPostProcessor : Devtools property defaults active! Set 'spring.devtools.add-properties' to 'false' to disable
2022-09-08 10:17:44.475  INFO 20232 --- [restartedMain] .e.DevToolsPropertyDefaultsPostProcessor : For additional web related logging consider setting the 'logging.level.web' property to 'DEBUG'
2022-09-08 10:17:44.865  INFO 20232 --- [restartedMain] .s.d.r.c.RepositoryConfigurationDelegate : Bootstrapping Spring Data JPA repositories in DEFAULT mode.
2022-09-08 10:17:44.909  INFO 20232 --- [restartedMain] .s.d.r.c.RepositoryConfigurationDelegate : Finished Spring Data repository scanning in 38 ms. Found 4 JPA repository interfaces.
2022-09-08 10:17:45.389  INFO 20232 --- [restartedMain] o.s.b.w.embedded.tomcat.TomcatWebServer  : Tomcat initialized with port(s): 8080 (http)
2022-09-08 10:17:45.394  INFO 20232 --- [restartedMain] o.apache.catalina.core.StandardService   : Starting service [Tomcat]
2022-09-08 10:17:45.394  INFO 20232 --- [restartedMain] org.apache.catalina.core.StandardEngine  : Starting Servlet engine: [Apache Tomcat/9.0.65]
2022-09-08 10:17:45.462  INFO 20232 --- [restartedMain] o.a.c.c.C.[Tomcat].[localhost].[/]       : Initializing Spring embedded WebApplicationContext
2022-09-08 10:17:45.463  INFO 20232 --- [restartedMain] w.s.c.ServletWebServerApplicationContext : Root WebApplicationContext: initialization completed in 988 ms
2022-09-08 10:17:45.547  INFO 20232 --- [restartedMain] o.hibernate.jpa.internal.util.LogHelper  : HHH000204: Processing PersistenceUnitInfo [name: default]
2022-09-08 10:17:45.569  INFO 20232 --- [restartedMain] org.hibernate.Version                    : HHH000412: Hibernate ORM core version 5.6.10.Final
2022-09-08 10:17:45.641  INFO 20232 --- [restartedMain] o.hibernate.annotations.common.Version   : HCANN000001: Hibernate Commons Annotations {5.1.2.Final}
2022-09-08 10:17:45.693  INFO 20232 --- [restartedMain] com.zaxxer.hikari.HikariDataSource       : HikariPool-1 - Starting...
2022-09-08 10:17:45.921  INFO 20232 --- [restartedMain] com.zaxxer.hikari.HikariDataSource       : HikariPool-1 - Start completed.
2022-09-08 10:17:45.933  INFO 20232 --- [restartedMain] org.hibernate.dialect.Dialect            : HHH000400: Using dialect: org.hibernate.dialect.MySQL55Dialect
2022-09-08 10:17:46.387  INFO 20232 --- [restartedMain] o.h.e.t.j.p.i.JtaPlatformInitiator       : HHH000490: Using JtaPlatform implementation: [org.hibernate.engine.transaction.jta.platform.internal.NoJtaPlatform]
2022-09-08 10:17:46.393  INFO 20232 --- [restartedMain] j.LocalContainerEntityManagerFactoryBean : Initialized JPA EntityManagerFactory for persistence unit 'default'
2022-09-08 10:17:46.856  WARN 20232 --- [restartedMain] JpaBaseConfiguration$JpaWebConfiguration : spring.jpa.open-in-view is enabled by default. Therefore, database queries may be performed during view rendering. Explicitly configure spring.jpa.open-in-view to disable this warning
2022-09-08 10:17:47.107  INFO 20232 --- [restartedMain] o.s.b.a.w.s.WelcomePageHandlerMapping    : Adding welcome page template: index
2022-09-08 10:17:47.189  WARN 20232 --- [restartedMain] org.thymeleaf.templatemode.TemplateMode  : [THYMELEAF][restartedMain] Template Mode 'HTML5' is deprecated. Using Template Mode 'HTML' instead.
2022-09-08 10:17:47.332  INFO 20232 --- [restartedMain] o.s.b.d.a.OptionalLiveReloadServer       : LiveReload server is running on port 35729
2022-09-08 10:17:47.355  INFO 20232 --- [restartedMain] o.s.b.w.embedded.tomcat.TomcatWebServer  : Tomcat started on port(s): 8080 (http) with context path ''
2022-09-08 10:17:47.362  INFO 20232 --- [restartedMain] com.suqianbft.PortalsiteApplication      : Started PortalsiteApplication in 3.211 seconds (JVM running for 3.802)
2022-09-08 10:17:47.586  INFO 20232 --- [http-nio-8080-exec-1] o.a.c.c.C.[Tomcat].[localhost].[/]       : Initializing Spring DispatcherServlet 'dispatcherServlet'
2022-09-08 10:17:47.586  INFO 20232 --- [http-nio-8080-exec-1] o.s.web.servlet.DispatcherServlet        : Initializing Servlet 'dispatcherServlet'
2022-09-08 10:17:47.587  INFO 20232 --- [http-nio-8080-exec-1] o.s.web.servlet.DispatcherServlet        : Completed initialization in 1 ms
2022-09-08 10:17:47.610  INFO 20232 --- [http-nio-8080-exec-1] com.suqianbft.aspect.LogApect            : Request:RequestLog{url='http://127.0.0.1:8080/', ip='127.0.0.1', classMethod='com.suqianbft.web.IndexController.index', args=[{}, Page request [number: 0, size 5, sort: updateTime: DESC]]}
2022-09-08 10:17:47.680  WARN 20232 --- [http-nio-8080-exec-1] org.hibernate.orm.deprecation            : HHH90000016: Found use of deprecated 'collection property' syntax in HQL/JPQL query [t.article.size]; use collection function syntax instead [size(t.article)].
2022-09-08 10:17:47.686  WARN 20232 --- [http-nio-8080-exec-1] org.hibernate.orm.deprecation            : HHH90000016: Found use of deprecated 'collection property' syntax in HQL/JPQL query [t.articles.size]; use collection function syntax instead [size(t.articles)].
2022-09-08 10:17:47.691  INFO 20232 --- [http-nio-8080-exec-1] com.suqianbft.aspect.LogApect            : Result:{}index
2022-09-08 10:24:05.944  INFO 20232 --- [http-nio-8080-exec-7] com.suqianbft.aspect.LogApect            : Request:RequestLog{url='http://127.0.0.1:8080/', ip='127.0.0.1', classMethod='com.suqianbft.web.IndexController.index', args=[{}, Page request [number: 0, size 5, sort: updateTime: DESC]]}
2022-09-08 10:24:05.962  INFO 20232 --- [http-nio-8080-exec-7] com.suqianbft.aspect.LogApect            : Result:{}index
2022-09-08 10:33:33.982  INFO 11588 --- [restartedMain] com.suqianbft.PortalsiteApplication      : Starting PortalsiteApplication using Java 1.8.0_31 on LAPTOP-H7OVCIK7 with PID 11588 (F:\ideaProjects\portalsite\target\classes started by Lenovo in F:\ideaProjects\portalsite)
2022-09-08 10:33:33.983 DEBUG 11588 --- [restartedMain] com.suqianbft.PortalsiteApplication      : Running with Spring Boot v2.7.2, Spring v5.3.22
2022-09-08 10:33:33.983  INFO 11588 --- [restartedMain] com.suqianbft.PortalsiteApplication      : The following 1 profile is active: "dev"
2022-09-08 10:33:34.008  INFO 11588 --- [restartedMain] .e.DevToolsPropertyDefaultsPostProcessor : Devtools property defaults active! Set 'spring.devtools.add-properties' to 'false' to disable
2022-09-08 10:33:34.008  INFO 11588 --- [restartedMain] .e.DevToolsPropertyDefaultsPostProcessor : For additional web related logging consider setting the 'logging.level.web' property to 'DEBUG'
2022-09-08 10:33:34.400  INFO 11588 --- [restartedMain] .s.d.r.c.RepositoryConfigurationDelegate : Bootstrapping Spring Data JPA repositories in DEFAULT mode.
2022-09-08 10:33:34.446  INFO 11588 --- [restartedMain] .s.d.r.c.RepositoryConfigurationDelegate : Finished Spring Data repository scanning in 40 ms. Found 4 JPA repository interfaces.
2022-09-08 10:33:34.923  INFO 11588 --- [restartedMain] o.s.b.w.embedded.tomcat.TomcatWebServer  : Tomcat initialized with port(s): 8080 (http)
2022-09-08 10:33:34.928  INFO 11588 --- [restartedMain] o.apache.catalina.core.StandardService   : Starting service [Tomcat]
2022-09-08 10:33:34.928  INFO 11588 --- [restartedMain] org.apache.catalina.core.StandardEngine  : Starting Servlet engine: [Apache Tomcat/9.0.65]
2022-09-08 10:33:34.994  INFO 11588 --- [restartedMain] o.a.c.c.C.[Tomcat].[localhost].[/]       : Initializing Spring embedded WebApplicationContext
2022-09-08 10:33:34.994  INFO 11588 --- [restartedMain] w.s.c.ServletWebServerApplicationContext : Root WebApplicationContext: initialization completed in 985 ms
2022-09-08 10:33:35.077  INFO 11588 --- [restartedMain] o.hibernate.jpa.internal.util.LogHelper  : HHH000204: Processing PersistenceUnitInfo [name: default]
2022-09-08 10:33:35.099  INFO 11588 --- [restartedMain] org.hibernate.Version                    : HHH000412: Hibernate ORM core version 5.6.10.Final
2022-09-08 10:33:35.170  INFO 11588 --- [restartedMain] o.hibernate.annotations.common.Version   : HCANN000001: Hibernate Commons Annotations {5.1.2.Final}
2022-09-08 10:33:35.220  INFO 11588 --- [restartedMain] com.zaxxer.hikari.HikariDataSource       : HikariPool-1 - Starting...
2022-09-08 10:33:35.467  INFO 11588 --- [restartedMain] com.zaxxer.hikari.HikariDataSource       : HikariPool-1 - Start completed.
2022-09-08 10:33:35.477  INFO 11588 --- [restartedMain] org.hibernate.dialect.Dialect            : HHH000400: Using dialect: org.hibernate.dialect.MySQL55Dialect
2022-09-08 10:33:35.904  INFO 11588 --- [restartedMain] o.h.e.t.j.p.i.JtaPlatformInitiator       : HHH000490: Using JtaPlatform implementation: [org.hibernate.engine.transaction.jta.platform.internal.NoJtaPlatform]
2022-09-08 10:33:35.910  INFO 11588 --- [restartedMain] j.LocalContainerEntityManagerFactoryBean : Initialized JPA EntityManagerFactory for persistence unit 'default'
2022-09-08 10:33:36.505  WARN 11588 --- [restartedMain] JpaBaseConfiguration$JpaWebConfiguration : spring.jpa.open-in-view is enabled by default. Therefore, database queries may be performed during view rendering. Explicitly configure spring.jpa.open-in-view to disable this warning
2022-09-08 10:33:36.644  INFO 11588 --- [restartedMain] o.s.b.a.w.s.WelcomePageHandlerMapping    : Adding welcome page template: index
2022-09-08 10:33:36.724  WARN 11588 --- [restartedMain] org.thymeleaf.templatemode.TemplateMode  : [THYMELEAF][restartedMain] Template Mode 'HTML5' is deprecated. Using Template Mode 'HTML' instead.
2022-09-08 10:33:36.861  INFO 11588 --- [restartedMain] o.s.b.d.a.OptionalLiveReloadServer       : LiveReload server is running on port 35729
2022-09-08 10:33:36.883  INFO 11588 --- [restartedMain] o.s.b.w.embedded.tomcat.TomcatWebServer  : Tomcat started on port(s): 8080 (http) with context path ''
2022-09-08 10:33:36.890  INFO 11588 --- [restartedMain] com.suqianbft.PortalsiteApplication      : Started PortalsiteApplication in 3.193 seconds (JVM running for 3.774)
2022-09-08 10:33:44.034  INFO 11588 --- [http-nio-8080-exec-1] o.a.c.c.C.[Tomcat].[localhost].[/]       : Initializing Spring DispatcherServlet 'dispatcherServlet'
2022-09-08 10:33:44.034  INFO 11588 --- [http-nio-8080-exec-1] o.s.web.servlet.DispatcherServlet        : Initializing Servlet 'dispatcherServlet'
2022-09-08 10:33:44.035  INFO 11588 --- [http-nio-8080-exec-1] o.s.web.servlet.DispatcherServlet        : Completed initialization in 1 ms
2022-09-08 10:33:44.059  INFO 11588 --- [http-nio-8080-exec-1] com.suqianbft.aspect.LogApect            : Request:RequestLog{url='http://127.0.0.1:8080/', ip='127.0.0.1', classMethod='com.suqianbft.web.IndexController.index', args=[{}, Page request [number: 0, size 5, sort: updateTime: DESC]]}
2022-09-08 10:33:44.128  WARN 11588 --- [http-nio-8080-exec-1] org.hibernate.orm.deprecation            : HHH90000016: Found use of deprecated 'collection property' syntax in HQL/JPQL query [t.article.size]; use collection function syntax instead [size(t.article)].
2022-09-08 10:33:44.135  WARN 11588 --- [http-nio-8080-exec-1] org.hibernate.orm.deprecation            : HHH90000016: Found use of deprecated 'collection property' syntax in HQL/JPQL query [t.articles.size]; use collection function syntax instead [size(t.articles)].
2022-09-08 10:33:44.140  INFO 11588 --- [http-nio-8080-exec-1] com.suqianbft.aspect.LogApect            : Result:{}index
2022-09-08 10:52:31.664  WARN 11588 --- [HikariPool-1 housekeeper] com.zaxxer.hikari.pool.HikariPool        : HikariPool-1 - Thread starvation or clock leap detected (housekeeper delta=8m26s69ms264µs800ns).
2022-09-08 11:17:20.313  INFO 13932 --- [restartedMain] com.suqianbft.PortalsiteApplication      : Starting PortalsiteApplication using Java 1.8.0_31 on LAPTOP-H7OVCIK7 with PID 13932 (F:\ideaProjects\portalsite\target\classes started by Lenovo in F:\ideaProjects\portalsite)
2022-09-08 11:17:20.314 DEBUG 13932 --- [restartedMain] com.suqianbft.PortalsiteApplication      : Running with Spring Boot v2.7.2, Spring v5.3.22
2022-09-08 11:17:20.314  INFO 13932 --- [restartedMain] com.suqianbft.PortalsiteApplication      : The following 1 profile is active: "dev"
2022-09-08 11:17:20.340  INFO 13932 --- [restartedMain] .e.DevToolsPropertyDefaultsPostProcessor : Devtools property defaults active! Set 'spring.devtools.add-properties' to 'false' to disable
2022-09-08 11:17:20.340  INFO 13932 --- [restartedMain] .e.DevToolsPropertyDefaultsPostProcessor : For additional web related logging consider setting the 'logging.level.web' property to 'DEBUG'
2022-09-08 11:17:20.751  INFO 13932 --- [restartedMain] .s.d.r.c.RepositoryConfigurationDelegate : Bootstrapping Spring Data JPA repositories in DEFAULT mode.
2022-09-08 11:17:20.803  INFO 13932 --- [restartedMain] .s.d.r.c.RepositoryConfigurationDelegate : Finished Spring Data repository scanning in 44 ms. Found 4 JPA repository interfaces.
2022-09-08 11:17:21.283  INFO 13932 --- [restartedMain] o.s.b.w.embedded.tomcat.TomcatWebServer  : Tomcat initialized with port(s): 8080 (http)
2022-09-08 11:17:21.289  INFO 13932 --- [restartedMain] o.apache.catalina.core.StandardService   : Starting service [Tomcat]
2022-09-08 11:17:21.290  INFO 13932 --- [restartedMain] org.apache.catalina.core.StandardEngine  : Starting Servlet engine: [Apache Tomcat/9.0.65]
2022-09-08 11:17:21.357  INFO 13932 --- [restartedMain] o.a.c.c.C.[Tomcat].[localhost].[/]       : Initializing Spring embedded WebApplicationContext
2022-09-08 11:17:21.357  INFO 13932 --- [restartedMain] w.s.c.ServletWebServerApplicationContext : Root WebApplicationContext: initialization completed in 1016 ms
2022-09-08 11:17:21.446  INFO 13932 --- [restartedMain] o.hibernate.jpa.internal.util.LogHelper  : HHH000204: Processing PersistenceUnitInfo [name: default]
2022-09-08 11:17:21.470  INFO 13932 --- [restartedMain] org.hibernate.Version                    : HHH000412: Hibernate ORM core version 5.6.10.Final
2022-09-08 11:17:21.547  INFO 13932 --- [restartedMain] o.hibernate.annotations.common.Version   : HCANN000001: Hibernate Commons Annotations {5.1.2.Final}
2022-09-08 11:17:21.598  INFO 13932 --- [restartedMain] com.zaxxer.hikari.HikariDataSource       : HikariPool-1 - Starting...
2022-09-08 11:17:21.826  INFO 13932 --- [restartedMain] com.zaxxer.hikari.HikariDataSource       : HikariPool-1 - Start completed.
2022-09-08 11:17:21.836  INFO 13932 --- [restartedMain] org.hibernate.dialect.Dialect            : HHH000400: Using dialect: org.hibernate.dialect.MySQL55Dialect
2022-09-08 11:17:22.298  INFO 13932 --- [restartedMain] o.h.e.t.j.p.i.JtaPlatformInitiator       : HHH000490: Using JtaPlatform implementation: [org.hibernate.engine.transaction.jta.platform.internal.NoJtaPlatform]
2022-09-08 11:17:22.303  INFO 13932 --- [restartedMain] j.LocalContainerEntityManagerFactoryBean : Initialized JPA EntityManagerFactory for persistence unit 'default'
2022-09-08 11:17:22.863  WARN 13932 --- [restartedMain] JpaBaseConfiguration$JpaWebConfiguration : spring.jpa.open-in-view is enabled by default. Therefore, database queries may be performed during view rendering. Explicitly configure spring.jpa.open-in-view to disable this warning
2022-09-08 11:17:22.999  INFO 13932 --- [restartedMain] o.s.b.a.w.s.WelcomePageHandlerMapping    : Adding welcome page template: index
2022-09-08 11:17:23.081  WARN 13932 --- [restartedMain] org.thymeleaf.templatemode.TemplateMode  : [THYMELEAF][restartedMain] Template Mode 'HTML5' is deprecated. Using Template Mode 'HTML' instead.
2022-09-08 11:17:23.226  INFO 13932 --- [restartedMain] o.s.b.d.a.OptionalLiveReloadServer       : LiveReload server is running on port 35729
2022-09-08 11:17:23.249  INFO 13932 --- [restartedMain] o.s.b.w.embedded.tomcat.TomcatWebServer  : Tomcat started on port(s): 8080 (http) with context path ''
2022-09-08 11:17:23.256  INFO 13932 --- [restartedMain] com.suqianbft.PortalsiteApplication      : Started PortalsiteApplication in 3.229 seconds (JVM running for 3.846)
2022-09-08 11:17:29.467  INFO 13932 --- [http-nio-8080-exec-1] o.a.c.c.C.[Tomcat].[localhost].[/]       : Initializing Spring DispatcherServlet 'dispatcherServlet'
2022-09-08 11:17:29.467  INFO 13932 --- [http-nio-8080-exec-1] o.s.web.servlet.DispatcherServlet        : Initializing Servlet 'dispatcherServlet'
2022-09-08 11:17:29.468  INFO 13932 --- [http-nio-8080-exec-1] o.s.web.servlet.DispatcherServlet        : Completed initialization in 1 ms
2022-09-08 11:17:29.490  INFO 13932 --- [http-nio-8080-exec-1] com.suqianbft.aspect.LogApect            : Request:RequestLog{url='http://127.0.0.1:8080/', ip='127.0.0.1', classMethod='com.suqianbft.web.IndexController.index', args=[{}, Page request [number: 0, size 5, sort: updateTime: DESC]]}
2022-09-08 11:17:29.561  WARN 13932 --- [http-nio-8080-exec-1] org.hibernate.orm.deprecation            : HHH90000016: Found use of deprecated 'collection property' syntax in HQL/JPQL query [t.article.size]; use collection function syntax instead [size(t.article)].
2022-09-08 11:17:29.569  WARN 13932 --- [http-nio-8080-exec-1] org.hibernate.orm.deprecation            : HHH90000016: Found use of deprecated 'collection property' syntax in HQL/JPQL query [t.articles.size]; use collection function syntax instead [size(t.articles)].
2022-09-08 11:17:29.574  INFO 13932 --- [http-nio-8080-exec-1] com.suqianbft.aspect.LogApect            : Result:{}index
2022-09-08 11:17:49.575 ERROR 13932 --- [http-nio-8080-exec-1] c.s.handler.ControllerExceptionHandler   : Request URL : http://127.0.0.1:8080/search,Exception :{}

org.springframework.web.HttpRequestMethodNotSupportedException: Request method 'GET' not supported
	at org.springframework.web.servlet.mvc.method.RequestMappingInfoHandlerMapping.handleNoMatch(RequestMappingInfoHandlerMapping.java:253)
	at org.springframework.web.servlet.handler.AbstractHandlerMethodMapping.lookupHandlerMethod(AbstractHandlerMethodMapping.java:442)
	at org.springframework.web.servlet.handler.AbstractHandlerMethodMapping.getHandlerInternal(AbstractHandlerMethodMapping.java:383)
	at org.springframework.web.servlet.mvc.method.RequestMappingInfoHandlerMapping.getHandlerInternal(RequestMappingInfoHandlerMapping.java:125)
	at org.springframework.web.servlet.mvc.method.RequestMappingInfoHandlerMapping.getHandlerInternal(RequestMappingInfoHandlerMapping.java:67)
	at org.springframework.web.servlet.handler.AbstractHandlerMapping.getHandler(AbstractHandlerMapping.java:498)
	at org.springframework.web.servlet.DispatcherServlet.getHandler(DispatcherServlet.java:1264)
	at org.springframework.web.servlet.DispatcherServlet.doDispatch(DispatcherServlet.java:1046)
	at org.springframework.web.servlet.DispatcherServlet.doService(DispatcherServlet.java:963)
	at org.springframework.web.servlet.FrameworkServlet.processRequest(FrameworkServlet.java:1006)
	at org.springframework.web.servlet.FrameworkServlet.doGet(FrameworkServlet.java:898)
	at javax.servlet.http.HttpServlet.service(HttpServlet.java:655)
	at org.springframework.web.servlet.FrameworkServlet.service(FrameworkServlet.java:883)
	at javax.servlet.http.HttpServlet.service(HttpServlet.java:764)
	at org.apache.catalina.core.ApplicationFilterChain.internalDoFilter(ApplicationFilterChain.java:227)
	at org.apache.catalina.core.ApplicationFilterChain.doFilter(ApplicationFilterChain.java:162)
	at org.apache.tomcat.websocket.server.WsFilter.doFilter(WsFilter.java:53)
	at org.apache.catalina.core.ApplicationFilterChain.internalDoFilter(ApplicationFilterChain.java:189)
	at org.apache.catalina.core.ApplicationFilterChain.doFilter(ApplicationFilterChain.java:162)
	at org.springframework.web.filter.RequestContextFilter.doFilterInternal(RequestContextFilter.java:100)
	at org.springframework.web.filter.OncePerRequestFilter.doFilter(OncePerRequestFilter.java:117)
	at org.apache.catalina.core.ApplicationFilterChain.internalDoFilter(ApplicationFilterChain.java:189)
	at org.apache.catalina.core.ApplicationFilterChain.doFilter(ApplicationFilterChain.java:162)
	at org.springframework.web.filter.FormContentFilter.doFilterInternal(FormContentFilter.java:93)
	at org.springframework.web.filter.OncePerRequestFilter.doFilter(OncePerRequestFilter.java:117)
	at org.apache.catalina.core.ApplicationFilterChain.internalDoFilter(ApplicationFilterChain.java:189)
	at org.apache.catalina.core.ApplicationFilterChain.doFilter(ApplicationFilterChain.java:162)
	at org.springframework.web.filter.CharacterEncodingFilter.doFilterInternal(CharacterEncodingFilter.java:201)
	at org.springframework.web.filter.OncePerRequestFilter.doFilter(OncePerRequestFilter.java:117)
	at org.apache.catalina.core.ApplicationFilterChain.internalDoFilter(ApplicationFilterChain.java:189)
	at org.apache.catalina.core.ApplicationFilterChain.doFilter(ApplicationFilterChain.java:162)
	at org.apache.catalina.core.StandardWrapperValve.invoke(StandardWrapperValve.java:197)
	at org.apache.catalina.core.StandardContextValve.invoke(StandardContextValve.java:97)
	at org.apache.catalina.authenticator.AuthenticatorBase.invoke(AuthenticatorBase.java:541)
	at org.apache.catalina.core.StandardHostValve.invoke(StandardHostValve.java:135)
	at org.apache.catalina.valves.ErrorReportValve.invoke(ErrorReportValve.java:92)
	at org.apache.catalina.core.StandardEngineValve.invoke(StandardEngineValve.java:78)
	at org.apache.catalina.connector.CoyoteAdapter.service(CoyoteAdapter.java:360)
	at org.apache.coyote.http11.Http11Processor.service(Http11Processor.java:399)
	at org.apache.coyote.AbstractProcessorLight.process(AbstractProcessorLight.java:65)
	at org.apache.coyote.AbstractProtocol$ConnectionHandler.process(AbstractProtocol.java:890)
	at org.apache.tomcat.util.net.NioEndpoint$SocketProcessor.doRun(NioEndpoint.java:1789)
	at org.apache.tomcat.util.net.SocketProcessorBase.run(SocketProcessorBase.java:49)
	at org.apache.tomcat.util.threads.ThreadPoolExecutor.runWorker(ThreadPoolExecutor.java:1191)
	at org.apache.tomcat.util.threads.ThreadPoolExecutor$Worker.run(ThreadPoolExecutor.java:659)
	at org.apache.tomcat.util.threads.TaskThread$WrappingRunnable.run(TaskThread.java:61)
	at java.lang.Thread.run(Thread.java:745)

2022-09-08 11:17:49.576  WARN 13932 --- [http-nio-8080-exec-1] .m.m.a.ExceptionHandlerExceptionResolver : Resolved [org.springframework.web.HttpRequestMethodNotSupportedException: Request method 'GET' not supported]
2022-09-08 11:18:34.709  INFO 13932 --- [http-nio-8080-exec-6] com.suqianbft.aspect.LogApect            : Request:RequestLog{url='http://127.0.0.1:8080/', ip='127.0.0.1', classMethod='com.suqianbft.web.IndexController.index', args=[{}, Page request [number: 0, size 5, sort: updateTime: DESC]]}
2022-09-08 11:18:34.725  INFO 13932 --- [http-nio-8080-exec-6] com.suqianbft.aspect.LogApect            : Result:{}index
2022-09-08 11:18:42.849  INFO 13932 --- [http-nio-8080-exec-3] com.suqianbft.aspect.LogApect            : Request:RequestLog{url='http://127.0.0.1:8080/search', ip='127.0.0.1', classMethod='com.suqianbft.web.IndexController.search', args=[{}, Page request [number: 0, size 5, sort: updateTime: DESC], 走近]}
2022-09-08 11:18:42.863  INFO 13932 --- [http-nio-8080-exec-3] com.suqianbft.aspect.LogApect            : Result:{}search
2022-09-08 11:21:16.831  INFO 13932 --- [http-nio-8080-exec-10] com.suqianbft.aspect.LogApect            : Request:RequestLog{url='http://127.0.0.1:8080/', ip='127.0.0.1', classMethod='com.suqianbft.web.IndexController.index', args=[{}, Page request [number: 0, size 5, sort: updateTime: DESC]]}
2022-09-08 11:21:16.841  INFO 13932 --- [http-nio-8080-exec-10] com.suqianbft.aspect.LogApect            : Result:{}index
2022-09-08 11:21:25.966  INFO 13932 --- [http-nio-8080-exec-9] com.suqianbft.aspect.LogApect            : Request:RequestLog{url='http://127.0.0.1:8080/search', ip='127.0.0.1', classMethod='com.suqianbft.web.IndexController.search', args=[{}, Page request [number: 0, size 5, sort: updateTime: DESC], 走近]}
2022-09-08 11:21:25.972  INFO 13932 --- [http-nio-8080-exec-9] com.suqianbft.aspect.LogApect            : Result:{}search
2022-09-08 11:24:48.896  INFO 13932 --- [http-nio-8080-exec-1] com.suqianbft.aspect.LogApect            : Request:RequestLog{url='http://127.0.0.1:8080/search', ip='127.0.0.1', classMethod='com.suqianbft.web.IndexController.search', args=[{}, Page request [number: 0, size 5, sort: updateTime: DESC], 走近]}
2022-09-08 11:24:48.900  INFO 13932 --- [http-nio-8080-exec-1] com.suqianbft.aspect.LogApect            : Result:{}search
2022-09-08 11:25:09.905  INFO 13932 --- [http-nio-8080-exec-10] com.suqianbft.aspect.LogApect            : Request:RequestLog{url='http://127.0.0.1:8080/search', ip='127.0.0.1', classMethod='com.suqianbft.web.IndexController.search', args=[{}, Page request [number: 0, size 5, sort: updateTime: DESC], 走近]}
2022-09-08 11:25:09.909  INFO 13932 --- [http-nio-8080-exec-10] com.suqianbft.aspect.LogApect            : Result:{}search
2022-09-08 11:30:11.263  INFO 13932 --- [http-nio-8080-exec-3] com.suqianbft.aspect.LogApect            : Request:RequestLog{url='http://127.0.0.1:8080/search', ip='127.0.0.1', classMethod='com.suqianbft.web.IndexController.search', args=[{}, Page request [number: 0, size 5, sort: updateTime: DESC], undefined]}
2022-09-08 11:30:11.266  INFO 13932 --- [http-nio-8080-exec-3] com.suqianbft.aspect.LogApect            : Result:{}search
2022-09-08 11:30:21.217  INFO 13932 --- [http-nio-8080-exec-4] com.suqianbft.aspect.LogApect            : Request:RequestLog{url='http://127.0.0.1:8080/search', ip='127.0.0.1', classMethod='com.suqianbft.web.IndexController.search', args=[{}, Page request [number: 0, size 5, sort: updateTime: DESC], 上]}
2022-09-08 11:30:21.224  INFO 13932 --- [http-nio-8080-exec-4] com.suqianbft.aspect.LogApect            : Result:{}search
2022-09-08 11:30:59.872  INFO 13932 --- [http-nio-8080-exec-5] com.suqianbft.aspect.LogApect            : Request:RequestLog{url='http://127.0.0.1:8080/', ip='127.0.0.1', classMethod='com.suqianbft.web.IndexController.index', args=[{}, Page request [number: 0, size 5, sort: updateTime: DESC]]}
2022-09-08 11:30:59.884  INFO 13932 --- [http-nio-8080-exec-5] com.suqianbft.aspect.LogApect            : Result:{}index
2022-09-08 11:33:03.683  INFO 13932 --- [http-nio-8080-exec-7] com.suqianbft.aspect.LogApect            : Request:RequestLog{url='http://127.0.0.1:8080/', ip='127.0.0.1', classMethod='com.suqianbft.web.IndexController.index', args=[{}, Page request [number: 0, size 5, sort: updateTime: DESC]]}
2022-09-08 11:33:03.692  INFO 13932 --- [http-nio-8080-exec-7] com.suqianbft.aspect.LogApect            : Result:{}index
2022-09-08 11:33:19.029  INFO 13932 --- [http-nio-8080-exec-10] com.suqianbft.aspect.LogApect            : Request:RequestLog{url='http://127.0.0.1:8080/search', ip='127.0.0.1', classMethod='com.suqianbft.web.IndexController.search', args=[{}, Page request [number: 0, size 5, sort: updateTime: DESC], 走近]}
2022-09-08 11:33:19.033  INFO 13932 --- [http-nio-8080-exec-10] com.suqianbft.aspect.LogApect            : Result:{}search
2022-09-08 11:33:46.543  INFO 13932 --- [http-nio-8080-exec-1] com.suqianbft.aspect.LogApect            : Request:RequestLog{url='http://127.0.0.1:8080/search', ip='127.0.0.1', classMethod='com.suqianbft.web.IndexController.search', args=[{}, Page request [number: 0, size 5, sort: updateTime: DESC], 走近]}
2022-09-08 11:33:46.547  INFO 13932 --- [http-nio-8080-exec-1] com.suqianbft.aspect.LogApect            : Result:{}search
2022-09-08 11:34:07.279  INFO 13932 --- [http-nio-8080-exec-4] com.suqianbft.aspect.LogApect            : Request:RequestLog{url='http://127.0.0.1:8080/search', ip='127.0.0.1', classMethod='com.suqianbft.web.IndexController.search', args=[{}, Page request [number: 0, size 5, sort: updateTime: DESC], 走近]}
2022-09-08 11:34:07.283  INFO 13932 --- [http-nio-8080-exec-4] com.suqianbft.aspect.LogApect            : Result:{}search
2022-09-08 11:34:13.731  INFO 13932 --- [http-nio-8080-exec-2] com.suqianbft.aspect.LogApect            : Request:RequestLog{url='http://127.0.0.1:8080/search', ip='127.0.0.1', classMethod='com.suqianbft.web.IndexController.search', args=[{}, Page request [number: 0, size 5, sort: updateTime: DESC], 上]}
2022-09-08 11:34:13.736  INFO 13932 --- [http-nio-8080-exec-2] com.suqianbft.aspect.LogApect            : Result:{}search
2022-09-08 11:34:28.547  INFO 13932 --- [http-nio-8080-exec-1] com.suqianbft.aspect.LogApect            : Request:RequestLog{url='http://127.0.0.1:8080/search', ip='127.0.0.1', classMethod='com.suqianbft.web.IndexController.search', args=[{}, Page request [number: 0, size 5, sort: updateTime: DESC], 稳压阀]}
2022-09-08 11:34:28.550  INFO 13932 --- [http-nio-8080-exec-1] com.suqianbft.aspect.LogApect            : Result:{}search
2022-09-08 13:44:17.918  INFO 8332 --- [restartedMain] com.suqianbft.PortalsiteApplication      : Starting PortalsiteApplication using Java 1.8.0_31 on LAPTOP-H7OVCIK7 with PID 8332 (F:\ideaProjects\portalsite\target\classes started by Lenovo in F:\ideaProjects\portalsite)
2022-09-08 13:44:17.918 DEBUG 8332 --- [restartedMain] com.suqianbft.PortalsiteApplication      : Running with Spring Boot v2.7.2, Spring v5.3.22
2022-09-08 13:44:17.919  INFO 8332 --- [restartedMain] com.suqianbft.PortalsiteApplication      : The following 1 profile is active: "dev"
2022-09-08 13:44:17.945  INFO 8332 --- [restartedMain] .e.DevToolsPropertyDefaultsPostProcessor : Devtools property defaults active! Set 'spring.devtools.add-properties' to 'false' to disable
2022-09-08 13:44:17.945  INFO 8332 --- [restartedMain] .e.DevToolsPropertyDefaultsPostProcessor : For additional web related logging consider setting the 'logging.level.web' property to 'DEBUG'
2022-09-08 13:44:18.335  INFO 8332 --- [restartedMain] .s.d.r.c.RepositoryConfigurationDelegate : Bootstrapping Spring Data JPA repositories in DEFAULT mode.
2022-09-08 13:44:18.382  INFO 8332 --- [restartedMain] .s.d.r.c.RepositoryConfigurationDelegate : Finished Spring Data repository scanning in 40 ms. Found 4 JPA repository interfaces.
2022-09-08 13:44:18.839  INFO 8332 --- [restartedMain] o.s.b.w.embedded.tomcat.TomcatWebServer  : Tomcat initialized with port(s): 8080 (http)
2022-09-08 13:44:18.845  INFO 8332 --- [restartedMain] o.apache.catalina.core.StandardService   : Starting service [Tomcat]
2022-09-08 13:44:18.845  INFO 8332 --- [restartedMain] org.apache.catalina.core.StandardEngine  : Starting Servlet engine: [Apache Tomcat/9.0.65]
2022-09-08 13:44:18.915  INFO 8332 --- [restartedMain] o.a.c.c.C.[Tomcat].[localhost].[/]       : Initializing Spring embedded WebApplicationContext
2022-09-08 13:44:18.915  INFO 8332 --- [restartedMain] w.s.c.ServletWebServerApplicationContext : Root WebApplicationContext: initialization completed in 970 ms
2022-09-08 13:44:19.019  INFO 8332 --- [restartedMain] o.hibernate.jpa.internal.util.LogHelper  : HHH000204: Processing PersistenceUnitInfo [name: default]
2022-09-08 13:44:19.045  INFO 8332 --- [restartedMain] org.hibernate.Version                    : HHH000412: Hibernate ORM core version 5.6.10.Final
2022-09-08 13:44:19.126  INFO 8332 --- [restartedMain] o.hibernate.annotations.common.Version   : HCANN000001: Hibernate Commons Annotations {5.1.2.Final}
2022-09-08 13:44:19.177  INFO 8332 --- [restartedMain] com.zaxxer.hikari.HikariDataSource       : HikariPool-1 - Starting...
2022-09-08 13:44:19.404  INFO 8332 --- [restartedMain] com.zaxxer.hikari.HikariDataSource       : HikariPool-1 - Start completed.
2022-09-08 13:44:19.415  INFO 8332 --- [restartedMain] org.hibernate.dialect.Dialect            : HHH000400: Using dialect: org.hibernate.dialect.MySQL55Dialect
2022-09-08 13:44:19.858  INFO 8332 --- [restartedMain] o.h.e.t.j.p.i.JtaPlatformInitiator       : HHH000490: Using JtaPlatform implementation: [org.hibernate.engine.transaction.jta.platform.internal.NoJtaPlatform]
2022-09-08 13:44:19.862  INFO 8332 --- [restartedMain] j.LocalContainerEntityManagerFactoryBean : Initialized JPA EntityManagerFactory for persistence unit 'default'
2022-09-08 13:44:20.432  WARN 8332 --- [restartedMain] JpaBaseConfiguration$JpaWebConfiguration : spring.jpa.open-in-view is enabled by default. Therefore, database queries may be performed during view rendering. Explicitly configure spring.jpa.open-in-view to disable this warning
2022-09-08 13:44:20.572  INFO 8332 --- [restartedMain] o.s.b.a.w.s.WelcomePageHandlerMapping    : Adding welcome page template: index
2022-09-08 13:44:20.655  WARN 8332 --- [restartedMain] org.thymeleaf.templatemode.TemplateMode  : [THYMELEAF][restartedMain] Template Mode 'HTML5' is deprecated. Using Template Mode 'HTML' instead.
2022-09-08 13:44:20.796  INFO 8332 --- [restartedMain] o.s.b.d.a.OptionalLiveReloadServer       : LiveReload server is running on port 35729
2022-09-08 13:44:20.821  INFO 8332 --- [restartedMain] o.s.b.w.embedded.tomcat.TomcatWebServer  : Tomcat started on port(s): 8080 (http) with context path ''
2022-09-08 13:44:20.827  INFO 8332 --- [restartedMain] com.suqianbft.PortalsiteApplication      : Started PortalsiteApplication in 3.206 seconds (JVM running for 3.779)
2022-09-08 13:44:29.572  INFO 8332 --- [http-nio-8080-exec-1] o.a.c.c.C.[Tomcat].[localhost].[/]       : Initializing Spring DispatcherServlet 'dispatcherServlet'
2022-09-08 13:44:29.572  INFO 8332 --- [http-nio-8080-exec-1] o.s.web.servlet.DispatcherServlet        : Initializing Servlet 'dispatcherServlet'
2022-09-08 13:44:29.573  INFO 8332 --- [http-nio-8080-exec-1] o.s.web.servlet.DispatcherServlet        : Completed initialization in 1 ms
2022-09-08 13:44:31.132  INFO 8332 --- [http-nio-8080-exec-5] com.suqianbft.aspect.LogApect            : Request:RequestLog{url='http://127.0.0.1:8080/', ip='127.0.0.1', classMethod='com.suqianbft.web.IndexController.index', args=[{}, Page request [number: 0, size 5, sort: updateTime: DESC]]}
2022-09-08 13:44:31.235  WARN 8332 --- [http-nio-8080-exec-5] org.hibernate.orm.deprecation            : HHH90000016: Found use of deprecated 'collection property' syntax in HQL/JPQL query [t.article.size]; use collection function syntax instead [size(t.article)].
2022-09-08 13:44:31.244  WARN 8332 --- [http-nio-8080-exec-5] org.hibernate.orm.deprecation            : HHH90000016: Found use of deprecated 'collection property' syntax in HQL/JPQL query [t.articles.size]; use collection function syntax instead [size(t.articles)].
2022-09-08 13:44:31.251  INFO 8332 --- [http-nio-8080-exec-5] com.suqianbft.aspect.LogApect            : Result:{}index
2022-09-08 13:45:03.239  INFO 8332 --- [http-nio-8080-exec-8] com.suqianbft.aspect.LogApect            : Request:RequestLog{url='http://127.0.0.1:8080/article/42', ip='127.0.0.1', classMethod='com.suqianbft.web.IndexController.article', args=[42, {}]}
2022-09-08 13:45:03.251  INFO 8332 --- [http-nio-8080-exec-8] com.suqianbft.aspect.LogApect            : Result:{}detail
2022-09-08 13:49:55.129  INFO 8332 --- [http-nio-8080-exec-3] com.suqianbft.aspect.LogApect            : Request:RequestLog{url='http://127.0.0.1:8080/article/42', ip='127.0.0.1', classMethod='com.suqianbft.web.IndexController.article', args=[42, {}]}
2022-09-08 13:49:55.131  INFO 8332 --- [http-nio-8080-exec-3] com.suqianbft.aspect.LogApect            : Result:{}detail
2022-09-08 13:53:12.590  INFO 8332 --- [http-nio-8080-exec-9] com.suqianbft.aspect.LogApect            : Request:RequestLog{url='http://127.0.0.1:8080/article/42', ip='127.0.0.1', classMethod='com.suqianbft.web.IndexController.article', args=[42, {}]}
2022-09-08 13:53:12.592  INFO 8332 --- [http-nio-8080-exec-9] com.suqianbft.aspect.LogApect            : Result:{}detail
2022-09-08 14:44:41.518  INFO 18476 --- [restartedMain] com.suqianbft.PortalsiteApplication      : Starting PortalsiteApplication using Java 1.8.0_31 on LAPTOP-H7OVCIK7 with PID 18476 (F:\ideaProjects\portalsite\target\classes started by Lenovo in F:\ideaProjects\portalsite)
2022-09-08 14:44:41.518 DEBUG 18476 --- [restartedMain] com.suqianbft.PortalsiteApplication      : Running with Spring Boot v2.7.2, Spring v5.3.22
2022-09-08 14:44:41.519  INFO 18476 --- [restartedMain] com.suqianbft.PortalsiteApplication      : The following 1 profile is active: "dev"
2022-09-08 14:44:41.546  INFO 18476 --- [restartedMain] .e.DevToolsPropertyDefaultsPostProcessor : Devtools property defaults active! Set 'spring.devtools.add-properties' to 'false' to disable
2022-09-08 14:44:41.547  INFO 18476 --- [restartedMain] .e.DevToolsPropertyDefaultsPostProcessor : For additional web related logging consider setting the 'logging.level.web' property to 'DEBUG'
2022-09-08 14:44:41.921  INFO 18476 --- [restartedMain] .s.d.r.c.RepositoryConfigurationDelegate : Bootstrapping Spring Data JPA repositories in DEFAULT mode.
2022-09-08 14:44:41.966  INFO 18476 --- [restartedMain] .s.d.r.c.RepositoryConfigurationDelegate : Finished Spring Data repository scanning in 40 ms. Found 4 JPA repository interfaces.
2022-09-08 14:44:42.444  INFO 18476 --- [restartedMain] o.s.b.w.embedded.tomcat.TomcatWebServer  : Tomcat initialized with port(s): 8080 (http)
2022-09-08 14:44:42.449  INFO 18476 --- [restartedMain] o.apache.catalina.core.StandardService   : Starting service [Tomcat]
2022-09-08 14:44:42.449  INFO 18476 --- [restartedMain] org.apache.catalina.core.StandardEngine  : Starting Servlet engine: [Apache Tomcat/9.0.65]
2022-09-08 14:44:42.515  INFO 18476 --- [restartedMain] o.a.c.c.C.[Tomcat].[localhost].[/]       : Initializing Spring embedded WebApplicationContext
2022-09-08 14:44:42.515  INFO 18476 --- [restartedMain] w.s.c.ServletWebServerApplicationContext : Root WebApplicationContext: initialization completed in 968 ms
2022-09-08 14:44:42.603  INFO 18476 --- [restartedMain] o.hibernate.jpa.internal.util.LogHelper  : HHH000204: Processing PersistenceUnitInfo [name: default]
2022-09-08 14:44:42.626  INFO 18476 --- [restartedMain] org.hibernate.Version                    : HHH000412: Hibernate ORM core version 5.6.10.Final
2022-09-08 14:44:42.702  INFO 18476 --- [restartedMain] o.hibernate.annotations.common.Version   : HCANN000001: Hibernate Commons Annotations {5.1.2.Final}
2022-09-08 14:44:42.753  INFO 18476 --- [restartedMain] com.zaxxer.hikari.HikariDataSource       : HikariPool-1 - Starting...
2022-09-08 14:44:42.832  INFO 18476 --- [restartedMain] com.zaxxer.hikari.HikariDataSource       : HikariPool-1 - Start completed.
2022-09-08 14:44:42.843  INFO 18476 --- [restartedMain] org.hibernate.dialect.Dialect            : HHH000400: Using dialect: org.hibernate.dialect.MySQL55Dialect
2022-09-08 14:44:43.286  INFO 18476 --- [restartedMain] o.h.e.t.j.p.i.JtaPlatformInitiator       : HHH000490: Using JtaPlatform implementation: [org.hibernate.engine.transaction.jta.platform.internal.NoJtaPlatform]
2022-09-08 14:44:43.291  INFO 18476 --- [restartedMain] j.LocalContainerEntityManagerFactoryBean : Initialized JPA EntityManagerFactory for persistence unit 'default'
2022-09-08 14:44:43.860  WARN 18476 --- [restartedMain] JpaBaseConfiguration$JpaWebConfiguration : spring.jpa.open-in-view is enabled by default. Therefore, database queries may be performed during view rendering. Explicitly configure spring.jpa.open-in-view to disable this warning
2022-09-08 14:44:43.996  INFO 18476 --- [restartedMain] o.s.b.a.w.s.WelcomePageHandlerMapping    : Adding welcome page template: index
2022-09-08 14:44:44.077  WARN 18476 --- [restartedMain] org.thymeleaf.templatemode.TemplateMode  : [THYMELEAF][restartedMain] Template Mode 'HTML5' is deprecated. Using Template Mode 'HTML' instead.
2022-09-08 14:44:44.221  INFO 18476 --- [restartedMain] o.s.b.d.a.OptionalLiveReloadServer       : LiveReload server is running on port 35729
2022-09-08 14:44:44.246  INFO 18476 --- [restartedMain] o.s.b.w.embedded.tomcat.TomcatWebServer  : Tomcat started on port(s): 8080 (http) with context path ''
2022-09-08 14:44:44.252  INFO 18476 --- [restartedMain] com.suqianbft.PortalsiteApplication      : Started PortalsiteApplication in 3.212 seconds (JVM running for 3.808)
2022-09-08 14:46:10.576  INFO 18476 --- [http-nio-8080-exec-1] o.a.c.c.C.[Tomcat].[localhost].[/]       : Initializing Spring DispatcherServlet 'dispatcherServlet'
2022-09-08 14:46:10.576  INFO 18476 --- [http-nio-8080-exec-1] o.s.web.servlet.DispatcherServlet        : Initializing Servlet 'dispatcherServlet'
2022-09-08 14:46:10.577  INFO 18476 --- [http-nio-8080-exec-1] o.s.web.servlet.DispatcherServlet        : Completed initialization in 1 ms
2022-09-08 14:46:10.613  INFO 18476 --- [http-nio-8080-exec-1] com.suqianbft.aspect.LogApect            : Request:RequestLog{url='http://127.0.0.1:8080/article/42', ip='127.0.0.1', classMethod='com.suqianbft.web.IndexController.article', args=[42, {}]}
2022-09-08 14:46:10.745  INFO 18476 --- [http-nio-8080-exec-1] com.suqianbft.aspect.LogApect            : Result:{}detail
2022-09-08 14:47:49.372  INFO 18476 --- [http-nio-8080-exec-7] com.suqianbft.aspect.LogApect            : Request:RequestLog{url='http://127.0.0.1:8080/', ip='127.0.0.1', classMethod='com.suqianbft.web.IndexController.index', args=[{}, Page request [number: 0, size 5, sort: updateTime: DESC]]}
2022-09-08 14:47:49.414  WARN 18476 --- [http-nio-8080-exec-7] org.hibernate.orm.deprecation            : HHH90000016: Found use of deprecated 'collection property' syntax in HQL/JPQL query [t.article.size]; use collection function syntax instead [size(t.article)].
2022-09-08 14:47:49.424  WARN 18476 --- [http-nio-8080-exec-7] org.hibernate.orm.deprecation            : HHH90000016: Found use of deprecated 'collection property' syntax in HQL/JPQL query [t.articles.size]; use collection function syntax instead [size(t.articles)].
2022-09-08 14:47:49.431  INFO 18476 --- [http-nio-8080-exec-7] com.suqianbft.aspect.LogApect            : Result:{}index
2022-09-08 14:50:17.754  INFO 18476 --- [http-nio-8080-exec-1] com.suqianbft.aspect.LogApect            : Request:RequestLog{url='http://127.0.0.1:8080/', ip='127.0.0.1', classMethod='com.suqianbft.web.IndexController.index', args=[{}, Page request [number: 0, size 5, sort: updateTime: DESC]]}
2022-09-08 14:50:17.770  INFO 18476 --- [http-nio-8080-exec-1] com.suqianbft.aspect.LogApect            : Result:{}index
2022-09-08 14:58:04.911  INFO 18476 --- [http-nio-8080-exec-3] com.suqianbft.aspect.LogApect            : Request:RequestLog{url='http://127.0.0.1:8080/', ip='127.0.0.1', classMethod='com.suqianbft.web.IndexController.index', args=[{}, Page request [number: 0, size 5, sort: updateTime: DESC]]}
2022-09-08 14:58:04.938  INFO 18476 --- [http-nio-8080-exec-3] com.suqianbft.aspect.LogApect            : Result:{}index
2022-09-08 14:59:33.005  INFO 18476 --- [http-nio-8080-exec-1] com.suqianbft.aspect.LogApect            : Request:RequestLog{url='http://127.0.0.1:8080/', ip='127.0.0.1', classMethod='com.suqianbft.web.IndexController.index', args=[{}, Page request [number: 0, size 5, sort: updateTime: DESC]]}
2022-09-08 14:59:33.024  INFO 18476 --- [http-nio-8080-exec-1] com.suqianbft.aspect.LogApect            : Result:{}index
2022-09-08 15:00:50.917  INFO 18476 --- [http-nio-8080-exec-6] com.suqianbft.aspect.LogApect            : Request:RequestLog{url='http://127.0.0.1:8080/', ip='127.0.0.1', classMethod='com.suqianbft.web.IndexController.index', args=[{}, Page request [number: 0, size 5, sort: updateTime: DESC]]}
2022-09-08 15:00:50.937  INFO 18476 --- [http-nio-8080-exec-6] com.suqianbft.aspect.LogApect            : Result:{}index
2022-09-08 15:02:07.453  INFO 18476 --- [http-nio-8080-exec-3] com.suqianbft.aspect.LogApect            : Request:RequestLog{url='http://127.0.0.1:8080/', ip='127.0.0.1', classMethod='com.suqianbft.web.IndexController.index', args=[{}, Page request [number: 0, size 5, sort: updateTime: DESC]]}
2022-09-08 15:02:07.465  INFO 18476 --- [http-nio-8080-exec-3] com.suqianbft.aspect.LogApect            : Result:{}index
2022-09-08 15:05:58.709  INFO 18476 --- [http-nio-8080-exec-1] com.suqianbft.aspect.LogApect            : Request:RequestLog{url='http://127.0.0.1:8080/', ip='127.0.0.1', classMethod='com.suqianbft.web.IndexController.index', args=[{}, Page request [number: 0, size 5, sort: updateTime: DESC]]}
2022-09-08 15:05:58.718  INFO 18476 --- [http-nio-8080-exec-1] com.suqianbft.aspect.LogApect            : Result:{}index
2022-09-08 15:18:26.246  INFO 18476 --- [http-nio-8080-exec-6] com.suqianbft.aspect.LogApect            : Request:RequestLog{url='http://127.0.0.1:8080/article/42', ip='127.0.0.1', classMethod='com.suqianbft.web.IndexController.article', args=[42, {}]}
2022-09-08 15:18:26.252  INFO 18476 --- [http-nio-8080-exec-6] com.suqianbft.aspect.LogApect            : Result:{}detail
2022-09-08 15:30:48.765  INFO 18476 --- [http-nio-8080-exec-10] com.suqianbft.aspect.LogApect            : Request:RequestLog{url='http://127.0.0.1:8080/article/42', ip='127.0.0.1', classMethod='com.suqianbft.web.IndexController.article', args=[42, {}]}
2022-09-08 15:30:48.770  INFO 18476 --- [http-nio-8080-exec-10] com.suqianbft.aspect.LogApect            : Result:{}detail
2022-09-08 15:34:14.687  INFO 18476 --- [http-nio-8080-exec-7] com.suqianbft.aspect.LogApect            : Request:RequestLog{url='http://127.0.0.1:8080/', ip='127.0.0.1', classMethod='com.suqianbft.web.IndexController.index', args=[{}, Page request [number: 0, size 5, sort: updateTime: DESC]]}
2022-09-08 15:34:14.699  INFO 18476 --- [http-nio-8080-exec-7] com.suqianbft.aspect.LogApect            : Result:{}index
2022-09-08 15:34:48.952  INFO 18476 --- [http-nio-8080-exec-10] com.suqianbft.aspect.LogApect            : Request:RequestLog{url='http://127.0.0.1:8080/article/42', ip='127.0.0.1', classMethod='com.suqianbft.web.IndexController.article', args=[42, {}]}
2022-09-08 15:34:48.956  INFO 18476 --- [http-nio-8080-exec-10] com.suqianbft.aspect.LogApect            : Result:{}detail
2022-09-08 15:37:29.320  INFO 18476 --- [http-nio-8080-exec-8] com.suqianbft.aspect.LogApect            : Request:RequestLog{url='http://127.0.0.1:8080/article/42', ip='127.0.0.1', classMethod='com.suqianbft.web.IndexController.article', args=[42, {}]}
2022-09-08 15:37:29.323  INFO 18476 --- [http-nio-8080-exec-8] com.suqianbft.aspect.LogApect            : Result:{}detail
2022-09-08 16:21:04.693  INFO 21392 --- [restartedMain] com.suqianbft.PortalsiteApplication      : Starting PortalsiteApplication using Java 1.8.0_31 on LAPTOP-H7OVCIK7 with PID 21392 (F:\ideaProjects\portalsite\target\classes started by Lenovo in F:\ideaProjects\portalsite)
2022-09-08 16:21:04.694 DEBUG 21392 --- [restartedMain] com.suqianbft.PortalsiteApplication      : Running with Spring Boot v2.7.2, Spring v5.3.22
2022-09-08 16:21:04.695  INFO 21392 --- [restartedMain] com.suqianbft.PortalsiteApplication      : The following 1 profile is active: "dev"
2022-09-08 16:21:04.721  INFO 21392 --- [restartedMain] .e.DevToolsPropertyDefaultsPostProcessor : Devtools property defaults active! Set 'spring.devtools.add-properties' to 'false' to disable
2022-09-08 16:21:04.721  INFO 21392 --- [restartedMain] .e.DevToolsPropertyDefaultsPostProcessor : For additional web related logging consider setting the 'logging.level.web' property to 'DEBUG'
2022-09-08 16:21:05.119  INFO 21392 --- [restartedMain] .s.d.r.c.RepositoryConfigurationDelegate : Bootstrapping Spring Data JPA repositories in DEFAULT mode.
2022-09-08 16:21:05.164  INFO 21392 --- [restartedMain] .s.d.r.c.RepositoryConfigurationDelegate : Finished Spring Data repository scanning in 40 ms. Found 4 JPA repository interfaces.
2022-09-08 16:21:05.629  INFO 21392 --- [restartedMain] o.s.b.w.embedded.tomcat.TomcatWebServer  : Tomcat initialized with port(s): 8080 (http)
2022-09-08 16:21:05.635  INFO 21392 --- [restartedMain] o.apache.catalina.core.StandardService   : Starting service [Tomcat]
2022-09-08 16:21:05.635  INFO 21392 --- [restartedMain] org.apache.catalina.core.StandardEngine  : Starting Servlet engine: [Apache Tomcat/9.0.65]
2022-09-08 16:21:05.698  INFO 21392 --- [restartedMain] o.a.c.c.C.[Tomcat].[localhost].[/]       : Initializing Spring embedded WebApplicationContext
2022-09-08 16:21:05.698  INFO 21392 --- [restartedMain] w.s.c.ServletWebServerApplicationContext : Root WebApplicationContext: initialization completed in 977 ms
2022-09-08 16:21:05.782  INFO 21392 --- [restartedMain] o.hibernate.jpa.internal.util.LogHelper  : HHH000204: Processing PersistenceUnitInfo [name: default]
2022-09-08 16:21:05.803  INFO 21392 --- [restartedMain] org.hibernate.Version                    : HHH000412: Hibernate ORM core version 5.6.10.Final
2022-09-08 16:21:05.877  INFO 21392 --- [restartedMain] o.hibernate.annotations.common.Version   : HCANN000001: Hibernate Commons Annotations {5.1.2.Final}
2022-09-08 16:21:05.930  INFO 21392 --- [restartedMain] com.zaxxer.hikari.HikariDataSource       : HikariPool-1 - Starting...
2022-09-08 16:21:06.151  INFO 21392 --- [restartedMain] com.zaxxer.hikari.HikariDataSource       : HikariPool-1 - Start completed.
2022-09-08 16:21:06.161  INFO 21392 --- [restartedMain] org.hibernate.dialect.Dialect            : HHH000400: Using dialect: org.hibernate.dialect.MySQL55Dialect
2022-09-08 16:21:06.605  INFO 21392 --- [restartedMain] o.h.e.t.j.p.i.JtaPlatformInitiator       : HHH000490: Using JtaPlatform implementation: [org.hibernate.engine.transaction.jta.platform.internal.NoJtaPlatform]
2022-09-08 16:21:06.611  INFO 21392 --- [restartedMain] j.LocalContainerEntityManagerFactoryBean : Initialized JPA EntityManagerFactory for persistence unit 'default'
2022-09-08 16:21:07.214  WARN 21392 --- [restartedMain] JpaBaseConfiguration$JpaWebConfiguration : spring.jpa.open-in-view is enabled by default. Therefore, database queries may be performed during view rendering. Explicitly configure spring.jpa.open-in-view to disable this warning
2022-09-08 16:21:07.355  INFO 21392 --- [restartedMain] o.s.b.a.w.s.WelcomePageHandlerMapping    : Adding welcome page template: index
2022-09-08 16:21:07.442  WARN 21392 --- [restartedMain] org.thymeleaf.templatemode.TemplateMode  : [THYMELEAF][restartedMain] Template Mode 'HTML5' is deprecated. Using Template Mode 'HTML' instead.
2022-09-08 16:21:07.580  INFO 21392 --- [restartedMain] o.s.b.d.a.OptionalLiveReloadServer       : LiveReload server is running on port 35729
2022-09-08 16:21:07.605  INFO 21392 --- [restartedMain] o.s.b.w.embedded.tomcat.TomcatWebServer  : Tomcat started on port(s): 8080 (http) with context path ''
2022-09-08 16:21:07.611  INFO 21392 --- [restartedMain] com.suqianbft.PortalsiteApplication      : Started PortalsiteApplication in 3.218 seconds (JVM running for 3.805)
2022-09-08 16:21:11.743  INFO 21392 --- [http-nio-8080-exec-1] o.a.c.c.C.[Tomcat].[localhost].[/]       : Initializing Spring DispatcherServlet 'dispatcherServlet'
2022-09-08 16:21:11.743  INFO 21392 --- [http-nio-8080-exec-1] o.s.web.servlet.DispatcherServlet        : Initializing Servlet 'dispatcherServlet'
2022-09-08 16:21:11.744  INFO 21392 --- [http-nio-8080-exec-1] o.s.web.servlet.DispatcherServlet        : Completed initialization in 1 ms
2022-09-08 16:21:11.768  INFO 21392 --- [http-nio-8080-exec-1] com.suqianbft.aspect.LogApect            : Request:RequestLog{url='http://127.0.0.1:8080/', ip='127.0.0.1', classMethod='com.suqianbft.web.IndexController.index', args=[{}, Page request [number: 0, size 5, sort: updateTime: DESC]]}
2022-09-08 16:21:11.837  WARN 21392 --- [http-nio-8080-exec-1] org.hibernate.orm.deprecation            : HHH90000016: Found use of deprecated 'collection property' syntax in HQL/JPQL query [t.article.size]; use collection function syntax instead [size(t.article)].
2022-09-08 16:21:11.844  WARN 21392 --- [http-nio-8080-exec-1] org.hibernate.orm.deprecation            : HHH90000016: Found use of deprecated 'collection property' syntax in HQL/JPQL query [t.articles.size]; use collection function syntax instead [size(t.articles)].
2022-09-08 16:21:11.855  INFO 21392 --- [http-nio-8080-exec-1] com.suqianbft.aspect.LogApect            : Result:{}index
